[2017-06-23 11:25:16.413] [ERROR] console - Error: D:\run\demo\smile\static\view\pug\demo.pug:46:12
    44| 			li
    45| 				- base_url = 'http://www.baidu.com';
  > 46| 				a(href=#{str}+'/maps') 百度地图
-------------------^
    47| 			li: input(tupe='#{obj.type}', value='#{obj.name}')
    48| 			

Syntax Error: Unexpected character '#'
    at makeError (D:\run\demo\smile\node_modules\pug-error\index.js:32:13)
    at Lexer.error (D:\run\demo\smile\node_modules\pug-lexer\index.js:58:15)
    at Lexer.assertExpression (D:\run\demo\smile\node_modules\pug-lexer\index.js:86:12)
    at Lexer.attrs (D:\run\demo\smile\node_modules\pug-lexer\index.js:1089:18)
    at Lexer.callLexerFunction (D:\run\demo\smile\node_modules\pug-lexer\index.js:1319:23)
    at Lexer.advance (D:\run\demo\smile\node_modules\pug-lexer\index.js:1356:15)
    at Lexer.callLexerFunction (D:\run\demo\smile\node_modules\pug-lexer\index.js:1319:23)
    at Lexer.getTokens (D:\run\demo\smile\node_modules\pug-lexer\index.js:1375:12)
    at lex (D:\run\demo\smile\node_modules\pug-lexer\index.js:12:42)
    at Object.load.string.lex (D:\run\demo\smile\node_modules\pug\lib\index.js:99:27)
[2017-06-23 11:25:34.725] [ERROR] console - Error: D:\run\demo\smile\static\view\pug\demo.pug:48:4
    46| 				a(href=\"#{str}+'/maps'\") 百度地图
    47| 			li: input(tupe='#{obj.type}', value='#{obj.name}')
  > 48| 			
-----------^

The end of the string reached with no closing bracket ) found.
    at makeError (D:\run\demo\smile\node_modules\pug-error\index.js:32:13)
    at Lexer.error (D:\run\demo\smile\node_modules\pug-lexer\index.js:58:15)
    at Lexer.bracketExpression (D:\run\demo\smile\node_modules\pug-lexer\index.js:234:14)
    at Lexer.attrs (D:\run\demo\smile\node_modules\pug-lexer\index.js:1011:24)
    at Lexer.callLexerFunction (D:\run\demo\smile\node_modules\pug-lexer\index.js:1319:23)
    at Lexer.advance (D:\run\demo\smile\node_modules\pug-lexer\index.js:1356:15)
    at Lexer.callLexerFunction (D:\run\demo\smile\node_modules\pug-lexer\index.js:1319:23)
    at Lexer.getTokens (D:\run\demo\smile\node_modules\pug-lexer\index.js:1375:12)
    at lex (D:\run\demo\smile\node_modules\pug-lexer\index.js:12:42)
    at Object.load.string.lex (D:\run\demo\smile\node_modules\pug\lib\index.js:99:27)
[2017-06-23 11:35:03.456] [ERROR] console - Error: D:\run\demo\smile\static\view\pug\demo.pug:55:5
    53| 				-if (t1 === 1) {
    54| 					span t1=1
  > 55| 				} else {
------------^
    56| 					span t1!=1
    57| 				}
    58| 			

unexpected text "} els"
    at makeError (D:\run\demo\smile\node_modules\pug-error\index.js:32:13)
    at Lexer.error (D:\run\demo\smile\node_modules\pug-lexer\index.js:58:15)
    at Lexer.fail (D:\run\demo\smile\node_modules\pug-lexer\index.js:1304:10)
    at Lexer.advance (D:\run\demo\smile\node_modules\pug-lexer\index.js:1364:15)
    at Lexer.callLexerFunction (D:\run\demo\smile\node_modules\pug-lexer\index.js:1319:23)
    at Lexer.getTokens (D:\run\demo\smile\node_modules\pug-lexer\index.js:1375:12)
    at lex (D:\run\demo\smile\node_modules\pug-lexer\index.js:12:42)
    at Object.load.string.lex (D:\run\demo\smile\node_modules\pug\lib\index.js:99:27)
    at Function.loadString [as string] (D:\run\demo\smile\node_modules\pug-load\index.js:44:24)
    at compileBody (D:\run\demo\smile\node_modules\pug\lib\index.js:86:18)
[2017-06-23 11:37:17.273] [ERROR] console - SyntaxError: Unexpected token (161:14)
    at Parser.pp$4.raise (D:\run\demo\smile\node_modules\acorn-globals\node_modules\acorn\dist\acorn.js:2488:13)
    at Parser.pp.unexpected (D:\run\demo\smile\node_modules\acorn-globals\node_modules\acorn\dist\acorn.js:623:8)
    at Parser.pp.expect (D:\run\demo\smile\node_modules\acorn-globals\node_modules\acorn\dist\acorn.js:617:26)
    at Parser.pp$3.parseMaybeConditional (D:\run\demo\smile\node_modules\acorn-globals\node_modules\acorn\dist\acorn.js:1780:10)
    at Parser.pp$3.parseMaybeAssign (D:\run\demo\smile\node_modules\acorn-globals\node_modules\acorn\dist\acorn.js:1750:19)
    at Parser.pp$3.parseExpression (D:\run\demo\smile\node_modules\acorn-globals\node_modules\acorn\dist\acorn.js:1722:19)
    at Parser.pp$1.parseStatement (D:\run\demo\smile\node_modules\acorn-globals\node_modules\acorn\dist\acorn.js:777:45)
    at Parser.pp$1.parseTopLevel (D:\run\demo\smile\node_modules\acorn-globals\node_modules\acorn\dist\acorn.js:672:23)
    at Parser.parse (D:\run\demo\smile\node_modules\acorn-globals\node_modules\acorn\dist\acorn.js:529:15)
    at Object.parse (D:\run\demo\smile\node_modules\acorn-globals\node_modules\acorn\dist\acorn.js:3378:37)
[2017-06-23 11:37:20.352] [ERROR] console - SyntaxError: Unexpected token (161:14)
    at Parser.pp$4.raise (D:\run\demo\smile\node_modules\acorn-globals\node_modules\acorn\dist\acorn.js:2488:13)
    at Parser.pp.unexpected (D:\run\demo\smile\node_modules\acorn-globals\node_modules\acorn\dist\acorn.js:623:8)
    at Parser.pp.expect (D:\run\demo\smile\node_modules\acorn-globals\node_modules\acorn\dist\acorn.js:617:26)
    at Parser.pp$3.parseMaybeConditional (D:\run\demo\smile\node_modules\acorn-globals\node_modules\acorn\dist\acorn.js:1780:10)
    at Parser.pp$3.parseMaybeAssign (D:\run\demo\smile\node_modules\acorn-globals\node_modules\acorn\dist\acorn.js:1750:19)
    at Parser.pp$3.parseExpression (D:\run\demo\smile\node_modules\acorn-globals\node_modules\acorn\dist\acorn.js:1722:19)
    at Parser.pp$1.parseStatement (D:\run\demo\smile\node_modules\acorn-globals\node_modules\acorn\dist\acorn.js:777:45)
    at Parser.pp$1.parseTopLevel (D:\run\demo\smile\node_modules\acorn-globals\node_modules\acorn\dist\acorn.js:672:23)
    at Parser.parse (D:\run\demo\smile\node_modules\acorn-globals\node_modules\acorn\dist\acorn.js:529:15)
    at Object.parse (D:\run\demo\smile\node_modules\acorn-globals\node_modules\acorn\dist\acorn.js:3378:37)
[2017-06-23 11:37:25.713] [ERROR] console - SyntaxError: Unexpected token (161:14)
    at Parser.pp$4.raise (D:\run\demo\smile\node_modules\acorn-globals\node_modules\acorn\dist\acorn.js:2488:13)
    at Parser.pp.unexpected (D:\run\demo\smile\node_modules\acorn-globals\node_modules\acorn\dist\acorn.js:623:8)
    at Parser.pp.expect (D:\run\demo\smile\node_modules\acorn-globals\node_modules\acorn\dist\acorn.js:617:26)
    at Parser.pp$3.parseMaybeConditional (D:\run\demo\smile\node_modules\acorn-globals\node_modules\acorn\dist\acorn.js:1780:10)
    at Parser.pp$3.parseMaybeAssign (D:\run\demo\smile\node_modules\acorn-globals\node_modules\acorn\dist\acorn.js:1750:19)
    at Parser.pp$3.parseExpression (D:\run\demo\smile\node_modules\acorn-globals\node_modules\acorn\dist\acorn.js:1722:19)
    at Parser.pp$1.parseStatement (D:\run\demo\smile\node_modules\acorn-globals\node_modules\acorn\dist\acorn.js:777:45)
    at Parser.pp$1.parseTopLevel (D:\run\demo\smile\node_modules\acorn-globals\node_modules\acorn\dist\acorn.js:672:23)
    at Parser.parse (D:\run\demo\smile\node_modules\acorn-globals\node_modules\acorn\dist\acorn.js:529:15)
    at Object.parse (D:\run\demo\smile\node_modules\acorn-globals\node_modules\acorn\dist\acorn.js:3378:37)
[2017-06-23 11:37:53.684] [ERROR] console - SyntaxError: Unexpected token (161:14)
    at Parser.pp$4.raise (D:\run\demo\smile\node_modules\acorn-globals\node_modules\acorn\dist\acorn.js:2488:13)
    at Parser.pp.unexpected (D:\run\demo\smile\node_modules\acorn-globals\node_modules\acorn\dist\acorn.js:623:8)
    at Parser.pp.expect (D:\run\demo\smile\node_modules\acorn-globals\node_modules\acorn\dist\acorn.js:617:26)
    at Parser.pp$3.parseMaybeConditional (D:\run\demo\smile\node_modules\acorn-globals\node_modules\acorn\dist\acorn.js:1780:10)
    at Parser.pp$3.parseMaybeAssign (D:\run\demo\smile\node_modules\acorn-globals\node_modules\acorn\dist\acorn.js:1750:19)
    at Parser.pp$3.parseExpression (D:\run\demo\smile\node_modules\acorn-globals\node_modules\acorn\dist\acorn.js:1722:19)
    at Parser.pp$1.parseStatement (D:\run\demo\smile\node_modules\acorn-globals\node_modules\acorn\dist\acorn.js:777:45)
    at Parser.pp$1.parseTopLevel (D:\run\demo\smile\node_modules\acorn-globals\node_modules\acorn\dist\acorn.js:672:23)
    at Parser.parse (D:\run\demo\smile\node_modules\acorn-globals\node_modules\acorn\dist\acorn.js:529:15)
    at Object.parse (D:\run\demo\smile\node_modules\acorn-globals\node_modules\acorn\dist\acorn.js:3378:37)
[2017-06-23 11:39:07.502] [ERROR] console - Error: D:\run\demo\smile\static\view\pug\demo.pug:61:9
    59| 				span 三元运算符：
    60| 				-var t2 = 1;
  > 61| 				(t1===1) ? t2=1 : t2!=1
----------------^

Syntax Error: Unexpected token
    at makeError (D:\run\demo\smile\node_modules\pug-error\index.js:32:13)
    at Lexer.error (D:\run\demo\smile\node_modules\pug-lexer\index.js:58:15)
    at Lexer.assertExpression (D:\run\demo\smile\node_modules\pug-lexer\index.js:86:12)
    at Lexer.attrs (D:\run\demo\smile\node_modules\pug-lexer\index.js:1089:18)
    at Lexer.callLexerFunction (D:\run\demo\smile\node_modules\pug-lexer\index.js:1319:23)
    at Lexer.advance (D:\run\demo\smile\node_modules\pug-lexer\index.js:1356:15)
    at Lexer.callLexerFunction (D:\run\demo\smile\node_modules\pug-lexer\index.js:1319:23)
    at Lexer.getTokens (D:\run\demo\smile\node_modules\pug-lexer\index.js:1375:12)
    at lex (D:\run\demo\smile\node_modules\pug-lexer\index.js:12:42)
    at Object.load.string.lex (D:\run\demo\smile\node_modules\pug\lib\index.js:99:27)
[2017-06-23 11:40:37.828] [ERROR] console - Error: D:\run\demo\smile\static\view\pug\demo.pug:53:19
    51| 				span if/else：
    52| 				-var t1 = 1;
  > 53| 				if (t1 === 1) {
--------------------------^
    54| 					span t1=1
    55| 				} else {
    56| 					span t1!=1

Syntax Error: Unexpected token
    at makeError (D:\run\demo\smile\node_modules\pug-error\index.js:32:13)
    at Lexer.error (D:\run\demo\smile\node_modules\pug-lexer\index.js:58:15)
    at Lexer.assertExpression (D:\run\demo\smile\node_modules\pug-lexer\index.js:86:12)
    at Lexer.conditional (D:\run\demo\smile\node_modules\pug-lexer\index.js:856:16)
    at Lexer.callLexerFunction (D:\run\demo\smile\node_modules\pug-lexer\index.js:1319:23)
    at Lexer.advance (D:\run\demo\smile\node_modules\pug-lexer\index.js:1346:15)
    at Lexer.callLexerFunction (D:\run\demo\smile\node_modules\pug-lexer\index.js:1319:23)
    at Lexer.getTokens (D:\run\demo\smile\node_modules\pug-lexer\index.js:1375:12)
    at lex (D:\run\demo\smile\node_modules\pug-lexer\index.js:12:42)
    at Object.load.string.lex (D:\run\demo\smile\node_modules\pug\lib\index.js:99:27)
[2017-06-23 11:40:39.287] [ERROR] console - Error: D:\run\demo\smile\static\view\pug\demo.pug:53:19
    51| 				span if/else：
    52| 				-var t1 = 1;
  > 53| 				if (t1 === 1) {
--------------------------^
    54| 					span t1=1
    55| 				} else {
    56| 					span t1!=1

Syntax Error: Unexpected token
    at makeError (D:\run\demo\smile\node_modules\pug-error\index.js:32:13)
    at Lexer.error (D:\run\demo\smile\node_modules\pug-lexer\index.js:58:15)
    at Lexer.assertExpression (D:\run\demo\smile\node_modules\pug-lexer\index.js:86:12)
    at Lexer.conditional (D:\run\demo\smile\node_modules\pug-lexer\index.js:856:16)
    at Lexer.callLexerFunction (D:\run\demo\smile\node_modules\pug-lexer\index.js:1319:23)
    at Lexer.advance (D:\run\demo\smile\node_modules\pug-lexer\index.js:1346:15)
    at Lexer.callLexerFunction (D:\run\demo\smile\node_modules\pug-lexer\index.js:1319:23)
    at Lexer.getTokens (D:\run\demo\smile\node_modules\pug-lexer\index.js:1375:12)
    at lex (D:\run\demo\smile\node_modules\pug-lexer\index.js:12:42)
    at Object.load.string.lex (D:\run\demo\smile\node_modules\pug\lib\index.js:99:27)
[2017-06-23 11:41:01.959] [ERROR] console - SyntaxError: Unexpected token (163:0)
    at Parser.pp$4.raise (D:\run\demo\smile\node_modules\acorn-globals\node_modules\acorn\dist\acorn.js:2488:13)
    at Parser.pp.unexpected (D:\run\demo\smile\node_modules\acorn-globals\node_modules\acorn\dist\acorn.js:623:8)
    at Parser.pp$3.parseIdent (D:\run\demo\smile\node_modules\acorn-globals\node_modules\acorn\dist\acorn.js:2445:10)
    at Parser.pp$3.parsePropertyName (D:\run\demo\smile\node_modules\acorn-globals\node_modules\acorn\dist\acorn.js:2265:99)
    at Parser.pp$3.parseObj (D:\run\demo\smile\node_modules\acorn-globals\node_modules\acorn\dist\acorn.js:2188:12)
    at Parser.pp$3.parseExprAtom (D:\run\demo\smile\node_modules\acorn-globals\node_modules\acorn\dist\acorn.js:1994:17)
    at Parser.pp$3.parseExprSubscripts (D:\run\demo\smile\node_modules\acorn-globals\node_modules\acorn\dist\acorn.js:1872:19)
    at Parser.pp$3.parseMaybeUnary (D:\run\demo\smile\node_modules\acorn-globals\node_modules\acorn\dist\acorn.js:1849:17)
    at Parser.pp$3.parseExprOps (D:\run\demo\smile\node_modules\acorn-globals\node_modules\acorn\dist\acorn.js:1791:19)
    at Parser.pp$3.parseMaybeConditional (D:\run\demo\smile\node_modules\acorn-globals\node_modules\acorn\dist\acorn.js:1774:19)
    at Parser.pp$3.parseMaybeAssign (D:\run\demo\smile\node_modules\acorn-globals\node_modules\acorn\dist\acorn.js:1750:19)
[2017-06-23 11:41:03.281] [ERROR] console - SyntaxError: Unexpected token (163:0)
    at Parser.pp$4.raise (D:\run\demo\smile\node_modules\acorn-globals\node_modules\acorn\dist\acorn.js:2488:13)
    at Parser.pp.unexpected (D:\run\demo\smile\node_modules\acorn-globals\node_modules\acorn\dist\acorn.js:623:8)
    at Parser.pp$3.parseIdent (D:\run\demo\smile\node_modules\acorn-globals\node_modules\acorn\dist\acorn.js:2445:10)
    at Parser.pp$3.parsePropertyName (D:\run\demo\smile\node_modules\acorn-globals\node_modules\acorn\dist\acorn.js:2265:99)
    at Parser.pp$3.parseObj (D:\run\demo\smile\node_modules\acorn-globals\node_modules\acorn\dist\acorn.js:2188:12)
    at Parser.pp$3.parseExprAtom (D:\run\demo\smile\node_modules\acorn-globals\node_modules\acorn\dist\acorn.js:1994:17)
    at Parser.pp$3.parseExprSubscripts (D:\run\demo\smile\node_modules\acorn-globals\node_modules\acorn\dist\acorn.js:1872:19)
    at Parser.pp$3.parseMaybeUnary (D:\run\demo\smile\node_modules\acorn-globals\node_modules\acorn\dist\acorn.js:1849:17)
    at Parser.pp$3.parseExprOps (D:\run\demo\smile\node_modules\acorn-globals\node_modules\acorn\dist\acorn.js:1791:19)
    at Parser.pp$3.parseMaybeConditional (D:\run\demo\smile\node_modules\acorn-globals\node_modules\acorn\dist\acorn.js:1774:19)
    at Parser.pp$3.parseMaybeAssign (D:\run\demo\smile\node_modules\acorn-globals\node_modules\acorn\dist\acorn.js:1750:19)
[2017-06-23 11:41:09.935] [ERROR] console - SyntaxError: Unexpected token (162:0)
    at Parser.pp$4.raise (D:\run\demo\smile\node_modules\acorn-globals\node_modules\acorn\dist\acorn.js:2488:13)
    at Parser.pp.unexpected (D:\run\demo\smile\node_modules\acorn-globals\node_modules\acorn\dist\acorn.js:623:8)
    at Parser.pp$3.parseExprAtom (D:\run\demo\smile\node_modules\acorn-globals\node_modules\acorn\dist\acorn.js:2011:10)
    at Parser.pp$3.parseExprSubscripts (D:\run\demo\smile\node_modules\acorn-globals\node_modules\acorn\dist\acorn.js:1872:19)
    at Parser.pp$3.parseMaybeUnary (D:\run\demo\smile\node_modules\acorn-globals\node_modules\acorn\dist\acorn.js:1849:17)
    at Parser.pp$3.parseExprOps (D:\run\demo\smile\node_modules\acorn-globals\node_modules\acorn\dist\acorn.js:1791:19)
    at Parser.pp$3.parseMaybeConditional (D:\run\demo\smile\node_modules\acorn-globals\node_modules\acorn\dist\acorn.js:1774:19)
    at Parser.pp$3.parseMaybeAssign (D:\run\demo\smile\node_modules\acorn-globals\node_modules\acorn\dist\acorn.js:1750:19)
    at Parser.pp$3.parseMaybeConditional (D:\run\demo\smile\node_modules\acorn-globals\node_modules\acorn\dist\acorn.js:1779:28)
    at Parser.pp$3.parseMaybeAssign (D:\run\demo\smile\node_modules\acorn-globals\node_modules\acorn\dist\acorn.js:1750:19)
[2017-06-23 11:41:22.346] [ERROR] console - SyntaxError: Unexpected token (162:0)
    at Parser.pp$4.raise (D:\run\demo\smile\node_modules\acorn-globals\node_modules\acorn\dist\acorn.js:2488:13)
    at Parser.pp.unexpected (D:\run\demo\smile\node_modules\acorn-globals\node_modules\acorn\dist\acorn.js:623:8)
    at Parser.pp$3.parseExprAtom (D:\run\demo\smile\node_modules\acorn-globals\node_modules\acorn\dist\acorn.js:2011:10)
    at Parser.pp$3.parseExprSubscripts (D:\run\demo\smile\node_modules\acorn-globals\node_modules\acorn\dist\acorn.js:1872:19)
    at Parser.pp$3.parseMaybeUnary (D:\run\demo\smile\node_modules\acorn-globals\node_modules\acorn\dist\acorn.js:1849:17)
    at Parser.pp$3.parseExprOps (D:\run\demo\smile\node_modules\acorn-globals\node_modules\acorn\dist\acorn.js:1791:19)
    at Parser.pp$3.parseMaybeConditional (D:\run\demo\smile\node_modules\acorn-globals\node_modules\acorn\dist\acorn.js:1774:19)
    at Parser.pp$3.parseMaybeAssign (D:\run\demo\smile\node_modules\acorn-globals\node_modules\acorn\dist\acorn.js:1750:19)
    at Parser.pp$3.parseMaybeConditional (D:\run\demo\smile\node_modules\acorn-globals\node_modules\acorn\dist\acorn.js:1779:28)
    at Parser.pp$3.parseMaybeAssign (D:\run\demo\smile\node_modules\acorn-globals\node_modules\acorn\dist\acorn.js:1750:19)
[2017-06-23 11:41:45.245] [ERROR] console - SyntaxError: Unexpected token (163:0)
    at Parser.pp$4.raise (D:\run\demo\smile\node_modules\acorn-globals\node_modules\acorn\dist\acorn.js:2488:13)
    at Parser.pp.unexpected (D:\run\demo\smile\node_modules\acorn-globals\node_modules\acorn\dist\acorn.js:623:8)
    at Parser.pp$3.parseExprAtom (D:\run\demo\smile\node_modules\acorn-globals\node_modules\acorn\dist\acorn.js:2011:10)
    at Parser.pp$3.parseExprSubscripts (D:\run\demo\smile\node_modules\acorn-globals\node_modules\acorn\dist\acorn.js:1872:19)
    at Parser.pp$3.parseMaybeUnary (D:\run\demo\smile\node_modules\acorn-globals\node_modules\acorn\dist\acorn.js:1849:17)
    at Parser.pp$3.parseExprOps (D:\run\demo\smile\node_modules\acorn-globals\node_modules\acorn\dist\acorn.js:1791:19)
    at Parser.pp$3.parseMaybeConditional (D:\run\demo\smile\node_modules\acorn-globals\node_modules\acorn\dist\acorn.js:1774:19)
    at Parser.pp$3.parseMaybeAssign (D:\run\demo\smile\node_modules\acorn-globals\node_modules\acorn\dist\acorn.js:1750:19)
    at Parser.pp$3.parseExpression (D:\run\demo\smile\node_modules\acorn-globals\node_modules\acorn\dist\acorn.js:1722:19)
    at Parser.pp$1.parseStatement (D:\run\demo\smile\node_modules\acorn-globals\node_modules\acorn\dist\acorn.js:777:45)
[2017-06-23 11:54:20.375] [ERROR] console - Error: D:\run\demo\smile\static\view\pug\demo.pug:88:1
    86| 				-var t5 = ['t1', 't2', 't3', 't4', 't5'];
    87| 				each item in list
  > 88|     				span= item
--------^
    89| 
    90| 

Invalid indentation, you can use tabs or spaces but not both
    at makeError (D:\run\demo\smile\node_modules\pug-error\index.js:32:13)
    at Lexer.error (D:\run\demo\smile\node_modules\pug-lexer\index.js:58:15)
    at Lexer.indent (D:\run\demo\smile\node_modules\pug-lexer\index.js:1199:14)
    at Lexer.callLexerFunction (D:\run\demo\smile\node_modules\pug-lexer\index.js:1319:23)
    at Lexer.advance (D:\run\demo\smile\node_modules\pug-lexer\index.js:1358:15)
    at Lexer.callLexerFunction (D:\run\demo\smile\node_modules\pug-lexer\index.js:1319:23)
    at Lexer.getTokens (D:\run\demo\smile\node_modules\pug-lexer\index.js:1375:12)
    at lex (D:\run\demo\smile\node_modules\pug-lexer\index.js:12:42)
    at Object.load.string.lex (D:\run\demo\smile\node_modules\pug\lib\index.js:99:27)
    at Function.loadString [as string] (D:\run\demo\smile\node_modules\pug-load\index.js:44:24)
[2017-06-23 11:54:30.415] [ERROR] console - Error: D:\run\demo\smile\static\view\pug\demo.pug:88:1
    86| 				-var t5 = ['t1', 't2', 't3', 't4', 't5'];
    87| 				each item in t5
  > 88|     				span= item
--------^
    89| 
    90| 

Invalid indentation, you can use tabs or spaces but not both
    at makeError (D:\run\demo\smile\node_modules\pug-error\index.js:32:13)
    at Lexer.error (D:\run\demo\smile\node_modules\pug-lexer\index.js:58:15)
    at Lexer.indent (D:\run\demo\smile\node_modules\pug-lexer\index.js:1199:14)
    at Lexer.callLexerFunction (D:\run\demo\smile\node_modules\pug-lexer\index.js:1319:23)
    at Lexer.advance (D:\run\demo\smile\node_modules\pug-lexer\index.js:1358:15)
    at Lexer.callLexerFunction (D:\run\demo\smile\node_modules\pug-lexer\index.js:1319:23)
    at Lexer.getTokens (D:\run\demo\smile\node_modules\pug-lexer\index.js:1375:12)
    at lex (D:\run\demo\smile\node_modules\pug-lexer\index.js:12:42)
    at Object.load.string.lex (D:\run\demo\smile\node_modules\pug\lib\index.js:99:27)
    at Function.loadString [as string] (D:\run\demo\smile\node_modules\pug-load\index.js:44:24)
[2017-06-23 11:54:43.531] [ERROR] console - Error: D:\run\demo\smile\static\view\pug\demo.pug:87:5
    85| 
    86| 				-var t5 = ['t1', 't2', 't3', 't4', 't5'];
  > 87| 				- each item in t5
------------^
    88|     				span= item
    89| 
    90| 

Pug each and for should no longer be prefixed with a dash ("-"). They are pug keywords and not part of JavaScript.
    at makeError (D:\run\demo\smile\node_modules\pug-error\index.js:32:13)
    at Lexer.error (D:\run\demo\smile\node_modules\pug-lexer\index.js:58:15)
    at Lexer.each (D:\run\demo\smile\node_modules\pug-lexer\index.js:915:12)
    at Lexer.callLexerFunction (D:\run\demo\smile\node_modules\pug-lexer\index.js:1319:23)
    at Lexer.advance (D:\run\demo\smile\node_modules\pug-lexer\index.js:1347:15)
    at Lexer.callLexerFunction (D:\run\demo\smile\node_modules\pug-lexer\index.js:1319:23)
    at Lexer.getTokens (D:\run\demo\smile\node_modules\pug-lexer\index.js:1375:12)
    at lex (D:\run\demo\smile\node_modules\pug-lexer\index.js:12:42)
    at Object.load.string.lex (D:\run\demo\smile\node_modules\pug\lib\index.js:99:27)
    at Function.loadString [as string] (D:\run\demo\smile\node_modules\pug-load\index.js:44:24)
[2017-06-23 11:55:00.273] [ERROR] console - Error: D:\run\demo\smile\static\view\pug\demo.pug:89:1
    87| 				td
    88| 					each item in t5
  > 89|     					span= item
--------^
    90| 
    91| 

Invalid indentation, you can use tabs or spaces but not both
    at makeError (D:\run\demo\smile\node_modules\pug-error\index.js:32:13)
    at Lexer.error (D:\run\demo\smile\node_modules\pug-lexer\index.js:58:15)
    at Lexer.indent (D:\run\demo\smile\node_modules\pug-lexer\index.js:1199:14)
    at Lexer.callLexerFunction (D:\run\demo\smile\node_modules\pug-lexer\index.js:1319:23)
    at Lexer.advance (D:\run\demo\smile\node_modules\pug-lexer\index.js:1358:15)
    at Lexer.callLexerFunction (D:\run\demo\smile\node_modules\pug-lexer\index.js:1319:23)
    at Lexer.getTokens (D:\run\demo\smile\node_modules\pug-lexer\index.js:1375:12)
    at lex (D:\run\demo\smile\node_modules\pug-lexer\index.js:12:42)
    at Object.load.string.lex (D:\run\demo\smile\node_modules\pug\lib\index.js:99:27)
    at Function.loadString [as string] (D:\run\demo\smile\node_modules\pug-load\index.js:44:24)
[2017-06-23 11:55:13.890] [ERROR] console - Error: D:\run\demo\smile\static\view\pug\demo.pug:89:1
    87| 				td
    88| 					each item in t5
  > 89|     					span item
--------^
    90| 
    91| 

Invalid indentation, you can use tabs or spaces but not both
    at makeError (D:\run\demo\smile\node_modules\pug-error\index.js:32:13)
    at Lexer.error (D:\run\demo\smile\node_modules\pug-lexer\index.js:58:15)
    at Lexer.indent (D:\run\demo\smile\node_modules\pug-lexer\index.js:1199:14)
    at Lexer.callLexerFunction (D:\run\demo\smile\node_modules\pug-lexer\index.js:1319:23)
    at Lexer.advance (D:\run\demo\smile\node_modules\pug-lexer\index.js:1358:15)
    at Lexer.callLexerFunction (D:\run\demo\smile\node_modules\pug-lexer\index.js:1319:23)
    at Lexer.getTokens (D:\run\demo\smile\node_modules\pug-lexer\index.js:1375:12)
    at lex (D:\run\demo\smile\node_modules\pug-lexer\index.js:12:42)
    at Object.load.string.lex (D:\run\demo\smile\node_modules\pug\lib\index.js:99:27)
    at Function.loadString [as string] (D:\run\demo\smile\node_modules\pug-load\index.js:44:24)
[2017-06-23 11:55:38.249] [ERROR] console - Error: D:\run\demo\smile\static\view\pug\demo.pug:89:1
    87| 					-var t5 = ['t1', 't2', 't3', 't4', 't5'];
    88| 					each item in t5
  > 89|     					span= item
--------^
    90| 
    91| 

Invalid indentation, you can use tabs or spaces but not both
    at makeError (D:\run\demo\smile\node_modules\pug-error\index.js:32:13)
    at Lexer.error (D:\run\demo\smile\node_modules\pug-lexer\index.js:58:15)
    at Lexer.indent (D:\run\demo\smile\node_modules\pug-lexer\index.js:1199:14)
    at Lexer.callLexerFunction (D:\run\demo\smile\node_modules\pug-lexer\index.js:1319:23)
    at Lexer.advance (D:\run\demo\smile\node_modules\pug-lexer\index.js:1358:15)
    at Lexer.callLexerFunction (D:\run\demo\smile\node_modules\pug-lexer\index.js:1319:23)
    at Lexer.getTokens (D:\run\demo\smile\node_modules\pug-lexer\index.js:1375:12)
    at lex (D:\run\demo\smile\node_modules\pug-lexer\index.js:12:42)
    at Object.load.string.lex (D:\run\demo\smile\node_modules\pug\lib\index.js:99:27)
    at Function.loadString [as string] (D:\run\demo\smile\node_modules\pug-load\index.js:44:24)
[2017-06-23 11:55:56.856] [ERROR] console - Error: D:\run\demo\smile\static\view\pug\demo.pug:88:6
    86| 				td
    87| 					-var t5 = ['t1', 't2', 't3', 't4', 't5'];
  > 88| 					-each item in t5
-------------^
    89|     					span= item
    90| 
    91| 

Pug each and for should no longer be prefixed with a dash ("-"). They are pug keywords and not part of JavaScript.
    at makeError (D:\run\demo\smile\node_modules\pug-error\index.js:32:13)
    at Lexer.error (D:\run\demo\smile\node_modules\pug-lexer\index.js:58:15)
    at Lexer.each (D:\run\demo\smile\node_modules\pug-lexer\index.js:915:12)
    at Lexer.callLexerFunction (D:\run\demo\smile\node_modules\pug-lexer\index.js:1319:23)
    at Lexer.advance (D:\run\demo\smile\node_modules\pug-lexer\index.js:1347:15)
    at Lexer.callLexerFunction (D:\run\demo\smile\node_modules\pug-lexer\index.js:1319:23)
    at Lexer.getTokens (D:\run\demo\smile\node_modules\pug-lexer\index.js:1375:12)
    at lex (D:\run\demo\smile\node_modules\pug-lexer\index.js:12:42)
    at Object.load.string.lex (D:\run\demo\smile\node_modules\pug\lib\index.js:99:27)
    at Function.loadString [as string] (D:\run\demo\smile\node_modules\pug-load\index.js:44:24)
[2017-06-23 11:55:58.217] [ERROR] console - Error: D:\run\demo\smile\static\view\pug\demo.pug:88:6
    86| 				td
    87| 					-var t5 = ['t1', 't2', 't3', 't4', 't5'];
  > 88| 					-each item in t5
-------------^
    89|     					span= item
    90| 
    91| 

Pug each and for should no longer be prefixed with a dash ("-"). They are pug keywords and not part of JavaScript.
    at makeError (D:\run\demo\smile\node_modules\pug-error\index.js:32:13)
    at Lexer.error (D:\run\demo\smile\node_modules\pug-lexer\index.js:58:15)
    at Lexer.each (D:\run\demo\smile\node_modules\pug-lexer\index.js:915:12)
    at Lexer.callLexerFunction (D:\run\demo\smile\node_modules\pug-lexer\index.js:1319:23)
    at Lexer.advance (D:\run\demo\smile\node_modules\pug-lexer\index.js:1347:15)
    at Lexer.callLexerFunction (D:\run\demo\smile\node_modules\pug-lexer\index.js:1319:23)
    at Lexer.getTokens (D:\run\demo\smile\node_modules\pug-lexer\index.js:1375:12)
    at lex (D:\run\demo\smile\node_modules\pug-lexer\index.js:12:42)
    at Object.load.string.lex (D:\run\demo\smile\node_modules\pug\lib\index.js:99:27)
    at Function.loadString [as string] (D:\run\demo\smile\node_modules\pug-load\index.js:44:24)
[2017-06-23 11:56:59.670] [ERROR] console - Error: D:\run\demo\smile\static\view\pug\demo.pug:88:6
    86| 				td
    87| 					-var t5 = ['A ', 'B ', 'C'];
  > 88| 					-each item in t5
-------------^
    89|     					span= item
    90| 
    91| 

Pug each and for should no longer be prefixed with a dash ("-"). They are pug keywords and not part of JavaScript.
    at makeError (D:\run\demo\smile\node_modules\pug-error\index.js:32:13)
    at Lexer.error (D:\run\demo\smile\node_modules\pug-lexer\index.js:58:15)
    at Lexer.each (D:\run\demo\smile\node_modules\pug-lexer\index.js:915:12)
    at Lexer.callLexerFunction (D:\run\demo\smile\node_modules\pug-lexer\index.js:1319:23)
    at Lexer.advance (D:\run\demo\smile\node_modules\pug-lexer\index.js:1347:15)
    at Lexer.callLexerFunction (D:\run\demo\smile\node_modules\pug-lexer\index.js:1319:23)
    at Lexer.getTokens (D:\run\demo\smile\node_modules\pug-lexer\index.js:1375:12)
    at lex (D:\run\demo\smile\node_modules\pug-lexer\index.js:12:42)
    at Object.load.string.lex (D:\run\demo\smile\node_modules\pug\lib\index.js:99:27)
    at Function.loadString [as string] (D:\run\demo\smile\node_modules\pug-load\index.js:44:24)
[2017-06-23 11:57:39.780] [ERROR] console - Error: D:\run\demo\smile\static\view\pug\demo.pug:89:1
    87| 					-var t5 = ['A', 'B', 'C'];
    88| 					each item in t5
  > 89|     					span item
--------^
    90| 
    91| 

Invalid indentation, you can use tabs or spaces but not both
    at makeError (D:\run\demo\smile\node_modules\pug-error\index.js:32:13)
    at Lexer.error (D:\run\demo\smile\node_modules\pug-lexer\index.js:58:15)
    at Lexer.indent (D:\run\demo\smile\node_modules\pug-lexer\index.js:1199:14)
    at Lexer.callLexerFunction (D:\run\demo\smile\node_modules\pug-lexer\index.js:1319:23)
    at Lexer.advance (D:\run\demo\smile\node_modules\pug-lexer\index.js:1358:15)
    at Lexer.callLexerFunction (D:\run\demo\smile\node_modules\pug-lexer\index.js:1319:23)
    at Lexer.getTokens (D:\run\demo\smile\node_modules\pug-lexer\index.js:1375:12)
    at lex (D:\run\demo\smile\node_modules\pug-lexer\index.js:12:42)
    at Object.load.string.lex (D:\run\demo\smile\node_modules\pug\lib\index.js:99:27)
    at Function.loadString [as string] (D:\run\demo\smile\node_modules\pug-load\index.js:44:24)
[2017-06-23 11:57:41.357] [ERROR] console - Error: D:\run\demo\smile\static\view\pug\demo.pug:89:1
    87| 					-var t5 = ['A', 'B', 'C'];
    88| 					each item in t5
  > 89|     					span item
--------^
    90| 
    91| 

Invalid indentation, you can use tabs or spaces but not both
    at makeError (D:\run\demo\smile\node_modules\pug-error\index.js:32:13)
    at Lexer.error (D:\run\demo\smile\node_modules\pug-lexer\index.js:58:15)
    at Lexer.indent (D:\run\demo\smile\node_modules\pug-lexer\index.js:1199:14)
    at Lexer.callLexerFunction (D:\run\demo\smile\node_modules\pug-lexer\index.js:1319:23)
    at Lexer.advance (D:\run\demo\smile\node_modules\pug-lexer\index.js:1358:15)
    at Lexer.callLexerFunction (D:\run\demo\smile\node_modules\pug-lexer\index.js:1319:23)
    at Lexer.getTokens (D:\run\demo\smile\node_modules\pug-lexer\index.js:1375:12)
    at lex (D:\run\demo\smile\node_modules\pug-lexer\index.js:12:42)
    at Object.load.string.lex (D:\run\demo\smile\node_modules\pug\lib\index.js:99:27)
    at Function.loadString [as string] (D:\run\demo\smile\node_modules\pug-load\index.js:44:24)
[2017-06-23 11:58:22.322] [ERROR] console - Error: D:\run\demo\smile\static\view\pug\demo.pug:89:1
    87| 					-var t5 = ['A', 'B', 'C'];
    88| 					each item in t5
  > 89|     						span item
--------^
    90| 
    91| 

Invalid indentation, you can use tabs or spaces but not both
    at makeError (D:\run\demo\smile\node_modules\pug-error\index.js:32:13)
    at Lexer.error (D:\run\demo\smile\node_modules\pug-lexer\index.js:58:15)
    at Lexer.indent (D:\run\demo\smile\node_modules\pug-lexer\index.js:1199:14)
    at Lexer.callLexerFunction (D:\run\demo\smile\node_modules\pug-lexer\index.js:1319:23)
    at Lexer.advance (D:\run\demo\smile\node_modules\pug-lexer\index.js:1358:15)
    at Lexer.callLexerFunction (D:\run\demo\smile\node_modules\pug-lexer\index.js:1319:23)
    at Lexer.getTokens (D:\run\demo\smile\node_modules\pug-lexer\index.js:1375:12)
    at lex (D:\run\demo\smile\node_modules\pug-lexer\index.js:12:42)
    at Object.load.string.lex (D:\run\demo\smile\node_modules\pug\lib\index.js:99:27)
    at Function.loadString [as string] (D:\run\demo\smile\node_modules\pug-load\index.js:44:24)
[2017-06-23 11:59:04.650] [ERROR] console - Error: D:\run\demo\smile\static\view\pug\demo.pug:82:9
    80| 				td
    81| 					-var t4 = ['A', 'B', 'C'];
  > 82| 					for var i=0; i<t4.length; i++
----------------^
    83| 						span= t4[i]
    84| 
    85| 				td

malformed each
    at makeError (D:\run\demo\smile\node_modules\pug-error\index.js:32:13)
    at Lexer.error (D:\run\demo\smile\node_modules\pug-lexer\index.js:58:15)
    at Lexer.each (D:\run\demo\smile\node_modules\pug-lexer\index.js:912:12)
    at Lexer.callLexerFunction (D:\run\demo\smile\node_modules\pug-lexer\index.js:1319:23)
    at Lexer.advance (D:\run\demo\smile\node_modules\pug-lexer\index.js:1347:15)
    at Lexer.callLexerFunction (D:\run\demo\smile\node_modules\pug-lexer\index.js:1319:23)
    at Lexer.getTokens (D:\run\demo\smile\node_modules\pug-lexer\index.js:1375:12)
    at lex (D:\run\demo\smile\node_modules\pug-lexer\index.js:12:42)
    at Object.load.string.lex (D:\run\demo\smile\node_modules\pug\lib\index.js:99:27)
    at Function.loadString [as string] (D:\run\demo\smile\node_modules\pug-load\index.js:44:24)
[2017-06-23 11:59:17.158] [ERROR] console - Error: D:\run\demo\smile\static\view\pug\demo.pug:82:9
    80| 				td
    81| 					-var t4 = ['A', 'B', 'C'];
  > 82| 					for (var i=0; i<t4.length; i++)
----------------^
    83| 						span= t4[i]
    84| 
    85| 				td

malformed each
    at makeError (D:\run\demo\smile\node_modules\pug-error\index.js:32:13)
    at Lexer.error (D:\run\demo\smile\node_modules\pug-lexer\index.js:58:15)
    at Lexer.each (D:\run\demo\smile\node_modules\pug-lexer\index.js:912:12)
    at Lexer.callLexerFunction (D:\run\demo\smile\node_modules\pug-lexer\index.js:1319:23)
    at Lexer.advance (D:\run\demo\smile\node_modules\pug-lexer\index.js:1347:15)
    at Lexer.callLexerFunction (D:\run\demo\smile\node_modules\pug-lexer\index.js:1319:23)
    at Lexer.getTokens (D:\run\demo\smile\node_modules\pug-lexer\index.js:1375:12)
    at lex (D:\run\demo\smile\node_modules\pug-lexer\index.js:12:42)
    at Object.load.string.lex (D:\run\demo\smile\node_modules\pug\lib\index.js:99:27)
    at Function.loadString [as string] (D:\run\demo\smile\node_modules\pug-load\index.js:44:24)
[2017-06-23 11:59:20.907] [ERROR] console - Error: D:\run\demo\smile\static\view\pug\demo.pug:82:9
    80| 				td
    81| 					-var t4 = ['A', 'B', 'C'];
  > 82| 					for (var i=0; i<t4.length; i++)
----------------^
    83| 						span= t4[i]
    84| 
    85| 				td

malformed each
    at makeError (D:\run\demo\smile\node_modules\pug-error\index.js:32:13)
    at Lexer.error (D:\run\demo\smile\node_modules\pug-lexer\index.js:58:15)
    at Lexer.each (D:\run\demo\smile\node_modules\pug-lexer\index.js:912:12)
    at Lexer.callLexerFunction (D:\run\demo\smile\node_modules\pug-lexer\index.js:1319:23)
    at Lexer.advance (D:\run\demo\smile\node_modules\pug-lexer\index.js:1347:15)
    at Lexer.callLexerFunction (D:\run\demo\smile\node_modules\pug-lexer\index.js:1319:23)
    at Lexer.getTokens (D:\run\demo\smile\node_modules\pug-lexer\index.js:1375:12)
    at lex (D:\run\demo\smile\node_modules\pug-lexer\index.js:12:42)
    at Object.load.string.lex (D:\run\demo\smile\node_modules\pug\lib\index.js:99:27)
    at Function.loadString [as string] (D:\run\demo\smile\node_modules\pug-load\index.js:44:24)
[2017-06-23 11:59:32.022] [ERROR] console - Error: D:\run\demo\smile\static\view\pug\demo.pug:82:9
    80| 				td
    81| 					-var t4 = ['A', 'B', 'C'];
  > 82| 					for (var i=0; i<t4.length; i++) {
----------------^
    83| 						span= t4[i]
    84| 					}
    85| 

malformed each
    at makeError (D:\run\demo\smile\node_modules\pug-error\index.js:32:13)
    at Lexer.error (D:\run\demo\smile\node_modules\pug-lexer\index.js:58:15)
    at Lexer.each (D:\run\demo\smile\node_modules\pug-lexer\index.js:912:12)
    at Lexer.callLexerFunction (D:\run\demo\smile\node_modules\pug-lexer\index.js:1319:23)
    at Lexer.advance (D:\run\demo\smile\node_modules\pug-lexer\index.js:1347:15)
    at Lexer.callLexerFunction (D:\run\demo\smile\node_modules\pug-lexer\index.js:1319:23)
    at Lexer.getTokens (D:\run\demo\smile\node_modules\pug-lexer\index.js:1375:12)
    at lex (D:\run\demo\smile\node_modules\pug-lexer\index.js:12:42)
    at Object.load.string.lex (D:\run\demo\smile\node_modules\pug\lib\index.js:99:27)
    at Function.loadString [as string] (D:\run\demo\smile\node_modules\pug-load\index.js:44:24)
[2017-06-23 12:02:08.332] [ERROR] console - Error: D:\run\demo\smile\static\view\pug\demo.pug:93:1
    91| 					- t5 = {'001':'A', '002':'B', '003':'C'};
    92| 					each t, i in t5
  > 93|     					span #{i}=#{t}
--------^
    94| 
    95| 

Invalid indentation, you can use tabs or spaces but not both
    at makeError (D:\run\demo\smile\node_modules\pug-error\index.js:32:13)
    at Lexer.error (D:\run\demo\smile\node_modules\pug-lexer\index.js:58:15)
    at Lexer.indent (D:\run\demo\smile\node_modules\pug-lexer\index.js:1199:14)
    at Lexer.callLexerFunction (D:\run\demo\smile\node_modules\pug-lexer\index.js:1319:23)
    at Lexer.advance (D:\run\demo\smile\node_modules\pug-lexer\index.js:1358:15)
    at Lexer.callLexerFunction (D:\run\demo\smile\node_modules\pug-lexer\index.js:1319:23)
    at Lexer.getTokens (D:\run\demo\smile\node_modules\pug-lexer\index.js:1375:12)
    at lex (D:\run\demo\smile\node_modules\pug-lexer\index.js:12:42)
    at Object.load.string.lex (D:\run\demo\smile\node_modules\pug\lib\index.js:99:27)
    at Function.loadString [as string] (D:\run\demo\smile\node_modules\pug-load\index.js:44:24)
[2017-06-23 14:12:30.583] [ERROR] console - Error: D:\run\demo\smile\static\view\pug\demo.pug:103:8
    101| 					while i<t6.length
    102| 						span #{t6[i]}
  > 103| 						i++;
----------------^
    104| 

unexpected text "++;
"
    at makeError (D:\run\demo\smile\node_modules\pug-error\index.js:32:13)
    at Lexer.error (D:\run\demo\smile\node_modules\pug-lexer\index.js:58:15)
    at Lexer.fail (D:\run\demo\smile\node_modules\pug-lexer\index.js:1304:10)
    at Lexer.advance (D:\run\demo\smile\node_modules\pug-lexer\index.js:1364:15)
    at Lexer.callLexerFunction (D:\run\demo\smile\node_modules\pug-lexer\index.js:1319:23)
    at Lexer.getTokens (D:\run\demo\smile\node_modules\pug-lexer\index.js:1375:12)
    at lex (D:\run\demo\smile\node_modules\pug-lexer\index.js:12:42)
    at Object.load.string.lex (D:\run\demo\smile\node_modules\pug\lib\index.js:99:27)
    at Function.loadString [as string] (D:\run\demo\smile\node_modules\pug-load\index.js:44:24)
    at compileBody (D:\run\demo\smile\node_modules\pug\lib\index.js:86:18)
[2017-06-23 14:12:32.586] [ERROR] console - Error: D:\run\demo\smile\static\view\pug\demo.pug:103:8
    101| 					while i<t6.length
    102| 						span #{t6[i]}
  > 103| 						i++;
----------------^
    104| 

unexpected text "++;
"
    at makeError (D:\run\demo\smile\node_modules\pug-error\index.js:32:13)
    at Lexer.error (D:\run\demo\smile\node_modules\pug-lexer\index.js:58:15)
    at Lexer.fail (D:\run\demo\smile\node_modules\pug-lexer\index.js:1304:10)
    at Lexer.advance (D:\run\demo\smile\node_modules\pug-lexer\index.js:1364:15)
    at Lexer.callLexerFunction (D:\run\demo\smile\node_modules\pug-lexer\index.js:1319:23)
    at Lexer.getTokens (D:\run\demo\smile\node_modules\pug-lexer\index.js:1375:12)
    at lex (D:\run\demo\smile\node_modules\pug-lexer\index.js:12:42)
    at Object.load.string.lex (D:\run\demo\smile\node_modules\pug\lib\index.js:99:27)
    at Function.loadString [as string] (D:\run\demo\smile\node_modules\pug-load\index.js:44:24)
    at compileBody (D:\run\demo\smile\node_modules\pug\lib\index.js:86:18)
[2017-06-23 14:12:49.004] [ERROR] console - SyntaxError: Unexpected token (347:6)
    at Parser.pp$4.raise (D:\run\demo\smile\node_modules\acorn-globals\node_modules\acorn\dist\acorn.js:2488:13)
    at Parser.pp.unexpected (D:\run\demo\smile\node_modules\acorn-globals\node_modules\acorn\dist\acorn.js:623:8)
    at Parser.pp.expect (D:\run\demo\smile\node_modules\acorn-globals\node_modules\acorn\dist\acorn.js:617:26)
    at Parser.pp$3.parseParenExpression (D:\run\demo\smile\node_modules\acorn-globals\node_modules\acorn\dist\acorn.js:2024:8)
    at Parser.pp$1.parseWhileStatement (D:\run\demo\smile\node_modules\acorn-globals\node_modules\acorn\dist\acorn.js:979:20)
    at Parser.pp$1.parseStatement (D:\run\demo\smile\node_modules\acorn-globals\node_modules\acorn\dist\acorn.js:752:31)
    at Parser.pp$1.parseTopLevel (D:\run\demo\smile\node_modules\acorn-globals\node_modules\acorn\dist\acorn.js:672:23)
    at Parser.parse (D:\run\demo\smile\node_modules\acorn-globals\node_modules\acorn\dist\acorn.js:529:15)
    at Object.parse (D:\run\demo\smile\node_modules\acorn-globals\node_modules\acorn\dist\acorn.js:3378:37)
    at reallyParse (D:\run\demo\smile\node_modules\acorn-globals\index.js:22:16)
[2017-06-23 14:13:20.099] [ERROR] console - Error: D:\run\demo\smile\static\view\pug\demo.pug:103:8
    101| 					-while (i<t6.length) {
    102| 						span #{t6[i]}
  > 103| 						i++;
----------------^
    104| 					-}
    105| 

unexpected text "++;
	"
    at makeError (D:\run\demo\smile\node_modules\pug-error\index.js:32:13)
    at Lexer.error (D:\run\demo\smile\node_modules\pug-lexer\index.js:58:15)
    at Lexer.fail (D:\run\demo\smile\node_modules\pug-lexer\index.js:1304:10)
    at Lexer.advance (D:\run\demo\smile\node_modules\pug-lexer\index.js:1364:15)
    at Lexer.callLexerFunction (D:\run\demo\smile\node_modules\pug-lexer\index.js:1319:23)
    at Lexer.getTokens (D:\run\demo\smile\node_modules\pug-lexer\index.js:1375:12)
    at lex (D:\run\demo\smile\node_modules\pug-lexer\index.js:12:42)
    at Object.load.string.lex (D:\run\demo\smile\node_modules\pug\lib\index.js:99:27)
    at Function.loadString [as string] (D:\run\demo\smile\node_modules\pug-load\index.js:44:24)
    at compileBody (D:\run\demo\smile\node_modules\pug\lib\index.js:86:18)
[2017-06-23 14:14:37.616] [ERROR] console - Error: D:\run\demo\smile\static\view\pug\demo.pug:104:8
    102| 					while i<t6.length
    103| 						span #{t6[i]}
  > 104| 						i++;
----------------^
    105| 

unexpected text "++;
"
    at makeError (D:\run\demo\smile\node_modules\pug-error\index.js:32:13)
    at Lexer.error (D:\run\demo\smile\node_modules\pug-lexer\index.js:58:15)
    at Lexer.fail (D:\run\demo\smile\node_modules\pug-lexer\index.js:1304:10)
    at Lexer.advance (D:\run\demo\smile\node_modules\pug-lexer\index.js:1364:15)
    at Lexer.callLexerFunction (D:\run\demo\smile\node_modules\pug-lexer\index.js:1319:23)
    at Lexer.getTokens (D:\run\demo\smile\node_modules\pug-lexer\index.js:1375:12)
    at lex (D:\run\demo\smile\node_modules\pug-lexer\index.js:12:42)
    at Object.load.string.lex (D:\run\demo\smile\node_modules\pug\lib\index.js:99:27)
    at Function.loadString [as string] (D:\run\demo\smile\node_modules\pug-load\index.js:44:24)
    at compileBody (D:\run\demo\smile\node_modules\pug\lib\index.js:86:18)
[2017-06-23 14:14:47.115] [ERROR] console - Error: D:\run\demo\smile\static\view\pug\demo.pug:104:8
    102| 					while i<t6.length
    103| 						span #{t6[i]}
  > 104| 						i++
----------------^
    105| 

unexpected text "++
"
    at makeError (D:\run\demo\smile\node_modules\pug-error\index.js:32:13)
    at Lexer.error (D:\run\demo\smile\node_modules\pug-lexer\index.js:58:15)
    at Lexer.fail (D:\run\demo\smile\node_modules\pug-lexer\index.js:1304:10)
    at Lexer.advance (D:\run\demo\smile\node_modules\pug-lexer\index.js:1364:15)
    at Lexer.callLexerFunction (D:\run\demo\smile\node_modules\pug-lexer\index.js:1319:23)
    at Lexer.getTokens (D:\run\demo\smile\node_modules\pug-lexer\index.js:1375:12)
    at lex (D:\run\demo\smile\node_modules\pug-lexer\index.js:12:42)
    at Object.load.string.lex (D:\run\demo\smile\node_modules\pug\lib\index.js:99:27)
    at Function.loadString [as string] (D:\run\demo\smile\node_modules\pug-load\index.js:44:24)
    at compileBody (D:\run\demo\smile\node_modules\pug\lib\index.js:86:18)
[2017-06-23 14:37:09.495] [ERROR] console - Error: D:\run\demo\smile\static\view\pug\demo.pug:3

Declaration of template inheritance ("extends") should be the first thing in the file. There can only be one extends statement per file.
    at makeError (D:\run\demo\smile\node_modules\pug-error\index.js:32:13)
    at error (D:\run\demo\smile\node_modules\pug-linker\index.js:7:30)
    at D:\run\demo\smile\node_modules\pug-linker\index.js:181:9
    at walkAST (D:\run\demo\smile\node_modules\pug-walk\index.js:23:18)
    at D:\run\demo\smile\node_modules\pug-walk\index.js:104:20
    at Array.reduce (native)
    at walkAndMergeNodes (D:\run\demo\smile\node_modules\pug-walk\index.js:103:18)
    at walkAST (D:\run\demo\smile\node_modules\pug-walk\index.js:37:19)
    at checkExtendPosition (D:\run\demo\smile\node_modules\pug-linker\index.js:176:3)
    at link (D:\run\demo\smile\node_modules\pug-linker\index.js:16:5)
[2017-06-23 14:37:52.382] [ERROR] console - Error: D:\run\demo\smile\static\view\pug\demo.pug:5:1
    3| extends layout
    4| 
  > 5| 	block style
-------^
    6| 		link(rel="stylesheet" href="static/css/common.css")
    7| 		
    8| 	block content

unexpected token "indent"
    at makeError (D:\run\demo\smile\node_modules\pug-error\index.js:32:13)
    at Parser.error (D:\run\demo\smile\node_modules\pug-parser\index.js:53:15)
    at Parser.parseExpr (D:\run\demo\smile\node_modules\pug-parser\index.js:263:14)
    at Parser.parse (D:\run\demo\smile\node_modules\pug-parser\index.js:112:25)
    at parse (D:\run\demo\smile\node_modules\pug-parser\index.js:12:20)
    at Object.load.string.parse (D:\run\demo\smile\node_modules\pug\lib\index.js:126:22)
    at Function.loadString [as string] (D:\run\demo\smile\node_modules\pug-load\index.js:45:21)
    at compileBody (D:\run\demo\smile\node_modules\pug\lib\index.js:86:18)
    at Object.exports.compile (D:\run\demo\smile\node_modules\pug\lib\index.js:243:16)
    at handleTemplateCache (D:\run\demo\smile\node_modules\pug\lib\index.js:216:25)
[2017-06-23 14:37:53.243] [ERROR] console - Error: D:\run\demo\smile\static\view\pug\demo.pug:5:1
    3| extends layout
    4| 
  > 5| 	block style
-------^
    6| 		link(rel="stylesheet" href="static/css/common.css")
    7| 		
    8| 	block content

unexpected token "indent"
    at makeError (D:\run\demo\smile\node_modules\pug-error\index.js:32:13)
    at Parser.error (D:\run\demo\smile\node_modules\pug-parser\index.js:53:15)
    at Parser.parseExpr (D:\run\demo\smile\node_modules\pug-parser\index.js:263:14)
    at Parser.parse (D:\run\demo\smile\node_modules\pug-parser\index.js:112:25)
    at parse (D:\run\demo\smile\node_modules\pug-parser\index.js:12:20)
    at Object.load.string.parse (D:\run\demo\smile\node_modules\pug\lib\index.js:126:22)
    at Function.loadString [as string] (D:\run\demo\smile\node_modules\pug-load\index.js:45:21)
    at compileBody (D:\run\demo\smile\node_modules\pug\lib\index.js:86:18)
    at Object.exports.compile (D:\run\demo\smile\node_modules\pug\lib\index.js:243:16)
    at handleTemplateCache (D:\run\demo\smile\node_modules\pug\lib\index.js:216:25)
[2017-06-23 14:38:21.578] [ERROR] console - Error: D:\run\demo\smile\static\view\pug\demo.pug:5:1
    3| extends layout
    4| 
  > 5| 	block style
-------^
    6| 		link(rel="stylesheet" href="static/css/common.css")
    7| 	block content
    8| 		h3 缩进

unexpected token "indent"
    at makeError (D:\run\demo\smile\node_modules\pug-error\index.js:32:13)
    at Parser.error (D:\run\demo\smile\node_modules\pug-parser\index.js:53:15)
    at Parser.parseExpr (D:\run\demo\smile\node_modules\pug-parser\index.js:263:14)
    at Parser.parse (D:\run\demo\smile\node_modules\pug-parser\index.js:112:25)
    at parse (D:\run\demo\smile\node_modules\pug-parser\index.js:12:20)
    at Object.load.string.parse (D:\run\demo\smile\node_modules\pug\lib\index.js:126:22)
    at Function.loadString [as string] (D:\run\demo\smile\node_modules\pug-load\index.js:45:21)
    at compileBody (D:\run\demo\smile\node_modules\pug\lib\index.js:86:18)
    at Object.exports.compile (D:\run\demo\smile\node_modules\pug\lib\index.js:243:16)
    at handleTemplateCache (D:\run\demo\smile\node_modules\pug\lib\index.js:216:25)
[2017-06-23 14:38:22.675] [ERROR] console - Error: D:\run\demo\smile\static\view\pug\demo.pug:5:1
    3| extends layout
    4| 
  > 5| 	block style
-------^
    6| 		link(rel="stylesheet" href="static/css/common.css")
    7| 	block content
    8| 		h3 缩进

unexpected token "indent"
    at makeError (D:\run\demo\smile\node_modules\pug-error\index.js:32:13)
    at Parser.error (D:\run\demo\smile\node_modules\pug-parser\index.js:53:15)
    at Parser.parseExpr (D:\run\demo\smile\node_modules\pug-parser\index.js:263:14)
    at Parser.parse (D:\run\demo\smile\node_modules\pug-parser\index.js:112:25)
    at parse (D:\run\demo\smile\node_modules\pug-parser\index.js:12:20)
    at Object.load.string.parse (D:\run\demo\smile\node_modules\pug\lib\index.js:126:22)
    at Function.loadString [as string] (D:\run\demo\smile\node_modules\pug-load\index.js:45:21)
    at compileBody (D:\run\demo\smile\node_modules\pug\lib\index.js:86:18)
    at Object.exports.compile (D:\run\demo\smile\node_modules\pug\lib\index.js:243:16)
    at handleTemplateCache (D:\run\demo\smile\node_modules\pug\lib\index.js:216:25)
[2017-06-23 14:38:36.014] [ERROR] console - Error: D:\run\demo\smile\static\view\pug\demo.pug:5:1
    3| extends layout
    4| 
  > 5| 	block style
-------^
    6| 		link(rel="stylesheet" href="static/css/common.css")
    7| 	block content
    8| 		h3 缩进

unexpected token "indent"
    at makeError (D:\run\demo\smile\node_modules\pug-error\index.js:32:13)
    at Parser.error (D:\run\demo\smile\node_modules\pug-parser\index.js:53:15)
    at Parser.parseExpr (D:\run\demo\smile\node_modules\pug-parser\index.js:263:14)
    at Parser.parse (D:\run\demo\smile\node_modules\pug-parser\index.js:112:25)
    at parse (D:\run\demo\smile\node_modules\pug-parser\index.js:12:20)
    at Object.load.string.parse (D:\run\demo\smile\node_modules\pug\lib\index.js:126:22)
    at Function.loadString [as string] (D:\run\demo\smile\node_modules\pug-load\index.js:45:21)
    at compileBody (D:\run\demo\smile\node_modules\pug\lib\index.js:86:18)
    at Object.exports.compile (D:\run\demo\smile\node_modules\pug\lib\index.js:243:16)
    at handleTemplateCache (D:\run\demo\smile\node_modules\pug\lib\index.js:216:25)
[2017-06-23 14:38:42.395] [ERROR] console - Error: D:\run\demo\smile\static\view\pug\demo.pug:5:1
    3| extends layout
    4| 
  > 5| 	block style
-------^
    6| 		link(rel="stylesheet" href="static/css/common.css")
    7| 	block content
    8| 		h3 缩进

unexpected token "indent"
    at makeError (D:\run\demo\smile\node_modules\pug-error\index.js:32:13)
    at Parser.error (D:\run\demo\smile\node_modules\pug-parser\index.js:53:15)
    at Parser.parseExpr (D:\run\demo\smile\node_modules\pug-parser\index.js:263:14)
    at Parser.parse (D:\run\demo\smile\node_modules\pug-parser\index.js:112:25)
    at parse (D:\run\demo\smile\node_modules\pug-parser\index.js:12:20)
    at Object.load.string.parse (D:\run\demo\smile\node_modules\pug\lib\index.js:126:22)
    at Function.loadString [as string] (D:\run\demo\smile\node_modules\pug-load\index.js:45:21)
    at compileBody (D:\run\demo\smile\node_modules\pug\lib\index.js:86:18)
    at Object.exports.compile (D:\run\demo\smile\node_modules\pug\lib\index.js:243:16)
    at handleTemplateCache (D:\run\demo\smile\node_modules\pug\lib\index.js:216:25)
[2017-06-23 14:39:00.867] [ERROR] console - Error: D:\run\demo\smile\static\view\pug\demo.pug:3:1
    1| extends layout
    2| 
  > 3| 	block style
-------^
    4| 		link(rel="stylesheet" href="static/css/common.css")
    5| 	block content
    6| 		h3 缩进

unexpected token "indent"
    at makeError (D:\run\demo\smile\node_modules\pug-error\index.js:32:13)
    at Parser.error (D:\run\demo\smile\node_modules\pug-parser\index.js:53:15)
    at Parser.parseExpr (D:\run\demo\smile\node_modules\pug-parser\index.js:263:14)
    at Parser.parse (D:\run\demo\smile\node_modules\pug-parser\index.js:112:25)
    at parse (D:\run\demo\smile\node_modules\pug-parser\index.js:12:20)
    at Object.load.string.parse (D:\run\demo\smile\node_modules\pug\lib\index.js:126:22)
    at Function.loadString [as string] (D:\run\demo\smile\node_modules\pug-load\index.js:45:21)
    at compileBody (D:\run\demo\smile\node_modules\pug\lib\index.js:86:18)
    at Object.exports.compile (D:\run\demo\smile\node_modules\pug\lib\index.js:243:16)
    at handleTemplateCache (D:\run\demo\smile\node_modules\pug\lib\index.js:216:25)
[2017-06-23 14:39:01.737] [ERROR] console - Error: D:\run\demo\smile\static\view\pug\demo.pug:3:1
    1| extends layout
    2| 
  > 3| 	block style
-------^
    4| 		link(rel="stylesheet" href="static/css/common.css")
    5| 	block content
    6| 		h3 缩进

unexpected token "indent"
    at makeError (D:\run\demo\smile\node_modules\pug-error\index.js:32:13)
    at Parser.error (D:\run\demo\smile\node_modules\pug-parser\index.js:53:15)
    at Parser.parseExpr (D:\run\demo\smile\node_modules\pug-parser\index.js:263:14)
    at Parser.parse (D:\run\demo\smile\node_modules\pug-parser\index.js:112:25)
    at parse (D:\run\demo\smile\node_modules\pug-parser\index.js:12:20)
    at Object.load.string.parse (D:\run\demo\smile\node_modules\pug\lib\index.js:126:22)
    at Function.loadString [as string] (D:\run\demo\smile\node_modules\pug-load\index.js:45:21)
    at compileBody (D:\run\demo\smile\node_modules\pug\lib\index.js:86:18)
    at Object.exports.compile (D:\run\demo\smile\node_modules\pug\lib\index.js:243:16)
    at handleTemplateCache (D:\run\demo\smile\node_modules\pug\lib\index.js:216:25)
[2017-06-23 14:39:03.262] [ERROR] console - Error: D:\run\demo\smile\static\view\pug\demo.pug:3:1
    1| extends layout
    2| 
  > 3| 	block style
-------^
    4| 		link(rel="stylesheet" href="static/css/common.css")
    5| 	block content
    6| 		h3 缩进

unexpected token "indent"
    at makeError (D:\run\demo\smile\node_modules\pug-error\index.js:32:13)
    at Parser.error (D:\run\demo\smile\node_modules\pug-parser\index.js:53:15)
    at Parser.parseExpr (D:\run\demo\smile\node_modules\pug-parser\index.js:263:14)
    at Parser.parse (D:\run\demo\smile\node_modules\pug-parser\index.js:112:25)
    at parse (D:\run\demo\smile\node_modules\pug-parser\index.js:12:20)
    at Object.load.string.parse (D:\run\demo\smile\node_modules\pug\lib\index.js:126:22)
    at Function.loadString [as string] (D:\run\demo\smile\node_modules\pug-load\index.js:45:21)
    at compileBody (D:\run\demo\smile\node_modules\pug\lib\index.js:86:18)
    at Object.exports.compile (D:\run\demo\smile\node_modules\pug\lib\index.js:243:16)
    at handleTemplateCache (D:\run\demo\smile\node_modules\pug\lib\index.js:216:25)
[2017-06-23 14:39:16.556] [ERROR] console - Error: D:\run\demo\smile\static\view\pug\demo.pug:3:1
    1| extends layout.pug
    2| 
  > 3| 	block style
-------^
    4| 		link(rel="stylesheet" href="static/css/common.css")
    5| 	block content
    6| 		h3 缩进

unexpected token "indent"
    at makeError (D:\run\demo\smile\node_modules\pug-error\index.js:32:13)
    at Parser.error (D:\run\demo\smile\node_modules\pug-parser\index.js:53:15)
    at Parser.parseExpr (D:\run\demo\smile\node_modules\pug-parser\index.js:263:14)
    at Parser.parse (D:\run\demo\smile\node_modules\pug-parser\index.js:112:25)
    at parse (D:\run\demo\smile\node_modules\pug-parser\index.js:12:20)
    at Object.load.string.parse (D:\run\demo\smile\node_modules\pug\lib\index.js:126:22)
    at Function.loadString [as string] (D:\run\demo\smile\node_modules\pug-load\index.js:45:21)
    at compileBody (D:\run\demo\smile\node_modules\pug\lib\index.js:86:18)
    at Object.exports.compile (D:\run\demo\smile\node_modules\pug\lib\index.js:243:16)
    at handleTemplateCache (D:\run\demo\smile\node_modules\pug\lib\index.js:216:25)
[2017-06-23 14:39:17.511] [ERROR] console - Error: D:\run\demo\smile\static\view\pug\demo.pug:3:1
    1| extends layout.pug
    2| 
  > 3| 	block style
-------^
    4| 		link(rel="stylesheet" href="static/css/common.css")
    5| 	block content
    6| 		h3 缩进

unexpected token "indent"
    at makeError (D:\run\demo\smile\node_modules\pug-error\index.js:32:13)
    at Parser.error (D:\run\demo\smile\node_modules\pug-parser\index.js:53:15)
    at Parser.parseExpr (D:\run\demo\smile\node_modules\pug-parser\index.js:263:14)
    at Parser.parse (D:\run\demo\smile\node_modules\pug-parser\index.js:112:25)
    at parse (D:\run\demo\smile\node_modules\pug-parser\index.js:12:20)
    at Object.load.string.parse (D:\run\demo\smile\node_modules\pug\lib\index.js:126:22)
    at Function.loadString [as string] (D:\run\demo\smile\node_modules\pug-load\index.js:45:21)
    at compileBody (D:\run\demo\smile\node_modules\pug\lib\index.js:86:18)
    at Object.exports.compile (D:\run\demo\smile\node_modules\pug\lib\index.js:243:16)
    at handleTemplateCache (D:\run\demo\smile\node_modules\pug\lib\index.js:216:25)
[2017-06-23 14:39:26.679] [ERROR] console - Error: D:\run\demo\smile\static\view\pug\demo.pug:3:1
    1| extends layout
    2| 
  > 3| 	block style
-------^
    4| 		link(rel="stylesheet" href="static/css/common.css")
    5| 	block content
    6| 		h3 缩进

unexpected token "indent"
    at makeError (D:\run\demo\smile\node_modules\pug-error\index.js:32:13)
    at Parser.error (D:\run\demo\smile\node_modules\pug-parser\index.js:53:15)
    at Parser.parseExpr (D:\run\demo\smile\node_modules\pug-parser\index.js:263:14)
    at Parser.parse (D:\run\demo\smile\node_modules\pug-parser\index.js:112:25)
    at parse (D:\run\demo\smile\node_modules\pug-parser\index.js:12:20)
    at Object.load.string.parse (D:\run\demo\smile\node_modules\pug\lib\index.js:126:22)
    at Function.loadString [as string] (D:\run\demo\smile\node_modules\pug-load\index.js:45:21)
    at compileBody (D:\run\demo\smile\node_modules\pug\lib\index.js:86:18)
    at Object.exports.compile (D:\run\demo\smile\node_modules\pug\lib\index.js:243:16)
    at handleTemplateCache (D:\run\demo\smile\node_modules\pug\lib\index.js:216:25)
[2017-06-23 14:39:55.658] [ERROR] console - Error: D:\run\demo\smile\static\view\pug\demo.pug:3:1
    1| extends layout
    2| 
  > 3| 	block style
-------^
    4| 		link(rel="stylesheet" href="static/css/common.css")
    5| 	block content
    6| 		h3 缩进

unexpected token "indent"
    at makeError (D:\run\demo\smile\node_modules\pug-error\index.js:32:13)
    at Parser.error (D:\run\demo\smile\node_modules\pug-parser\index.js:53:15)
    at Parser.parseExpr (D:\run\demo\smile\node_modules\pug-parser\index.js:263:14)
    at Parser.parse (D:\run\demo\smile\node_modules\pug-parser\index.js:112:25)
    at parse (D:\run\demo\smile\node_modules\pug-parser\index.js:12:20)
    at Object.load.string.parse (D:\run\demo\smile\node_modules\pug\lib\index.js:126:22)
    at Function.loadString [as string] (D:\run\demo\smile\node_modules\pug-load\index.js:45:21)
    at compileBody (D:\run\demo\smile\node_modules\pug\lib\index.js:86:18)
    at Object.exports.compile (D:\run\demo\smile\node_modules\pug\lib\index.js:243:16)
    at handleTemplateCache (D:\run\demo\smile\node_modules\pug\lib\index.js:216:25)
[2017-06-23 14:39:56.227] [ERROR] console - Error: D:\run\demo\smile\static\view\pug\demo.pug:3:1
    1| extends layout
    2| 
  > 3| 	block style
-------^
    4| 		link(rel="stylesheet" href="static/css/common.css")
    5| 	block content
    6| 		h3 缩进

unexpected token "indent"
    at makeError (D:\run\demo\smile\node_modules\pug-error\index.js:32:13)
    at Parser.error (D:\run\demo\smile\node_modules\pug-parser\index.js:53:15)
    at Parser.parseExpr (D:\run\demo\smile\node_modules\pug-parser\index.js:263:14)
    at Parser.parse (D:\run\demo\smile\node_modules\pug-parser\index.js:112:25)
    at parse (D:\run\demo\smile\node_modules\pug-parser\index.js:12:20)
    at Object.load.string.parse (D:\run\demo\smile\node_modules\pug\lib\index.js:126:22)
    at Function.loadString [as string] (D:\run\demo\smile\node_modules\pug-load\index.js:45:21)
    at compileBody (D:\run\demo\smile\node_modules\pug\lib\index.js:86:18)
    at Object.exports.compile (D:\run\demo\smile\node_modules\pug\lib\index.js:243:16)
    at handleTemplateCache (D:\run\demo\smile\node_modules\pug\lib\index.js:216:25)
[2017-06-23 14:39:56.436] [ERROR] console - Error: D:\run\demo\smile\static\view\pug\demo.pug:3:1
    1| extends layout
    2| 
  > 3| 	block style
-------^
    4| 		link(rel="stylesheet" href="static/css/common.css")
    5| 	block content
    6| 		h3 缩进

unexpected token "indent"
    at makeError (D:\run\demo\smile\node_modules\pug-error\index.js:32:13)
    at Parser.error (D:\run\demo\smile\node_modules\pug-parser\index.js:53:15)
    at Parser.parseExpr (D:\run\demo\smile\node_modules\pug-parser\index.js:263:14)
    at Parser.parse (D:\run\demo\smile\node_modules\pug-parser\index.js:112:25)
    at parse (D:\run\demo\smile\node_modules\pug-parser\index.js:12:20)
    at Object.load.string.parse (D:\run\demo\smile\node_modules\pug\lib\index.js:126:22)
    at Function.loadString [as string] (D:\run\demo\smile\node_modules\pug-load\index.js:45:21)
    at compileBody (D:\run\demo\smile\node_modules\pug\lib\index.js:86:18)
    at Object.exports.compile (D:\run\demo\smile\node_modules\pug\lib\index.js:243:16)
    at handleTemplateCache (D:\run\demo\smile\node_modules\pug\lib\index.js:216:25)
[2017-06-23 14:39:56.644] [ERROR] console - Error: D:\run\demo\smile\static\view\pug\demo.pug:3:1
    1| extends layout
    2| 
  > 3| 	block style
-------^
    4| 		link(rel="stylesheet" href="static/css/common.css")
    5| 	block content
    6| 		h3 缩进

unexpected token "indent"
    at makeError (D:\run\demo\smile\node_modules\pug-error\index.js:32:13)
    at Parser.error (D:\run\demo\smile\node_modules\pug-parser\index.js:53:15)
    at Parser.parseExpr (D:\run\demo\smile\node_modules\pug-parser\index.js:263:14)
    at Parser.parse (D:\run\demo\smile\node_modules\pug-parser\index.js:112:25)
    at parse (D:\run\demo\smile\node_modules\pug-parser\index.js:12:20)
    at Object.load.string.parse (D:\run\demo\smile\node_modules\pug\lib\index.js:126:22)
    at Function.loadString [as string] (D:\run\demo\smile\node_modules\pug-load\index.js:45:21)
    at compileBody (D:\run\demo\smile\node_modules\pug\lib\index.js:86:18)
    at Object.exports.compile (D:\run\demo\smile\node_modules\pug\lib\index.js:243:16)
    at handleTemplateCache (D:\run\demo\smile\node_modules\pug\lib\index.js:216:25)
[2017-06-23 14:41:59.059] [ERROR] console - Error: D:\run\demo\smile\static\view\pug\demo.pug:2:1
    1| extends layout
  > 2| 	block style
-------^
    3| 		link(rel="stylesheet" href="static/css/common.css")
    4| 	block content
    5| 		h3 缩进

unexpected token "indent"
    at makeError (D:\run\demo\smile\node_modules\pug-error\index.js:32:13)
    at Parser.error (D:\run\demo\smile\node_modules\pug-parser\index.js:53:15)
    at Parser.parseExpr (D:\run\demo\smile\node_modules\pug-parser\index.js:263:14)
    at Parser.parse (D:\run\demo\smile\node_modules\pug-parser\index.js:112:25)
    at parse (D:\run\demo\smile\node_modules\pug-parser\index.js:12:20)
    at Object.load.string.parse (D:\run\demo\smile\node_modules\pug\lib\index.js:126:22)
    at Function.loadString [as string] (D:\run\demo\smile\node_modules\pug-load\index.js:45:21)
    at compileBody (D:\run\demo\smile\node_modules\pug\lib\index.js:86:18)
    at Object.exports.compile (D:\run\demo\smile\node_modules\pug\lib\index.js:243:16)
    at handleTemplateCache (D:\run\demo\smile\node_modules\pug\lib\index.js:216:25)
[2017-06-23 14:41:59.895] [ERROR] console - Error: D:\run\demo\smile\static\view\pug\demo.pug:2:1
    1| extends layout
  > 2| 	block style
-------^
    3| 		link(rel="stylesheet" href="static/css/common.css")
    4| 	block content
    5| 		h3 缩进

unexpected token "indent"
    at makeError (D:\run\demo\smile\node_modules\pug-error\index.js:32:13)
    at Parser.error (D:\run\demo\smile\node_modules\pug-parser\index.js:53:15)
    at Parser.parseExpr (D:\run\demo\smile\node_modules\pug-parser\index.js:263:14)
    at Parser.parse (D:\run\demo\smile\node_modules\pug-parser\index.js:112:25)
    at parse (D:\run\demo\smile\node_modules\pug-parser\index.js:12:20)
    at Object.load.string.parse (D:\run\demo\smile\node_modules\pug\lib\index.js:126:22)
    at Function.loadString [as string] (D:\run\demo\smile\node_modules\pug-load\index.js:45:21)
    at compileBody (D:\run\demo\smile\node_modules\pug\lib\index.js:86:18)
    at Object.exports.compile (D:\run\demo\smile\node_modules\pug\lib\index.js:243:16)
    at handleTemplateCache (D:\run\demo\smile\node_modules\pug\lib\index.js:216:25)
[2017-06-23 14:42:00.105] [ERROR] console - Error: D:\run\demo\smile\static\view\pug\demo.pug:2:1
    1| extends layout
  > 2| 	block style
-------^
    3| 		link(rel="stylesheet" href="static/css/common.css")
    4| 	block content
    5| 		h3 缩进

unexpected token "indent"
    at makeError (D:\run\demo\smile\node_modules\pug-error\index.js:32:13)
    at Parser.error (D:\run\demo\smile\node_modules\pug-parser\index.js:53:15)
    at Parser.parseExpr (D:\run\demo\smile\node_modules\pug-parser\index.js:263:14)
    at Parser.parse (D:\run\demo\smile\node_modules\pug-parser\index.js:112:25)
    at parse (D:\run\demo\smile\node_modules\pug-parser\index.js:12:20)
    at Object.load.string.parse (D:\run\demo\smile\node_modules\pug\lib\index.js:126:22)
    at Function.loadString [as string] (D:\run\demo\smile\node_modules\pug-load\index.js:45:21)
    at compileBody (D:\run\demo\smile\node_modules\pug\lib\index.js:86:18)
    at Object.exports.compile (D:\run\demo\smile\node_modules\pug\lib\index.js:243:16)
    at handleTemplateCache (D:\run\demo\smile\node_modules\pug\lib\index.js:216:25)
[2017-06-23 14:42:18.034] [ERROR] console - Error: D:\run\demo\smile\static\view\pug\demo.pug:3:1
    1| extends layout
    2| 
  > 3| 	block style
-------^
    4| 		link(rel="stylesheet" href="static/css/common.css")
    5| 
    6| 	block content

unexpected token "indent"
    at makeError (D:\run\demo\smile\node_modules\pug-error\index.js:32:13)
    at Parser.error (D:\run\demo\smile\node_modules\pug-parser\index.js:53:15)
    at Parser.parseExpr (D:\run\demo\smile\node_modules\pug-parser\index.js:263:14)
    at Parser.parse (D:\run\demo\smile\node_modules\pug-parser\index.js:112:25)
    at parse (D:\run\demo\smile\node_modules\pug-parser\index.js:12:20)
    at Object.load.string.parse (D:\run\demo\smile\node_modules\pug\lib\index.js:126:22)
    at Function.loadString [as string] (D:\run\demo\smile\node_modules\pug-load\index.js:45:21)
    at compileBody (D:\run\demo\smile\node_modules\pug\lib\index.js:86:18)
    at Object.exports.compile (D:\run\demo\smile\node_modules\pug\lib\index.js:243:16)
    at handleTemplateCache (D:\run\demo\smile\node_modules\pug\lib\index.js:216:25)
[2017-06-23 15:11:16.385] [ERROR] console - Error: D:\run\demo\smile\static\view\pug\demo.pug:6

Unexpected block title
    at makeError (D:\run\demo\smile\node_modules\pug-error\index.js:32:13)
    at error (D:\run\demo\smile\node_modules\pug-linker\index.js:7:30)
    at D:\run\demo\smile\node_modules\pug-linker\index.js:47:9
    at Array.forEach (native)
    at link (D:\run\demo\smile\node_modules\pug-linker\index.js:45:20)
    at compileBody (D:\run\demo\smile\node_modules\pug\lib\index.js:171:9)
    at Object.exports.compile (D:\run\demo\smile\node_modules\pug\lib\index.js:243:16)
    at handleTemplateCache (D:\run\demo\smile\node_modules\pug\lib\index.js:216:25)
    at Object.exports.renderFile (D:\run\demo\smile\node_modules\pug\lib\index.js:428:10)
    at Object.exports.renderFile (D:\run\demo\smile\node_modules\pug\lib\index.js:418:21)
[2017-06-23 15:11:45.840] [ERROR] console - Error: D:\run\demo\smile\static\view\pug\demo.pug:6

Unexpected block top
    at makeError (D:\run\demo\smile\node_modules\pug-error\index.js:32:13)
    at error (D:\run\demo\smile\node_modules\pug-linker\index.js:7:30)
    at D:\run\demo\smile\node_modules\pug-linker\index.js:47:9
    at Array.forEach (native)
    at link (D:\run\demo\smile\node_modules\pug-linker\index.js:45:20)
    at compileBody (D:\run\demo\smile\node_modules\pug\lib\index.js:171:9)
    at Object.exports.compile (D:\run\demo\smile\node_modules\pug\lib\index.js:243:16)
    at handleTemplateCache (D:\run\demo\smile\node_modules\pug\lib\index.js:216:25)
    at Object.exports.renderFile (D:\run\demo\smile\node_modules\pug\lib\index.js:428:10)
    at Object.exports.renderFile (D:\run\demo\smile\node_modules\pug\lib\index.js:418:21)
[2017-06-23 15:11:46.804] [ERROR] console - Error: D:\run\demo\smile\static\view\pug\demo.pug:6

Unexpected block top
    at makeError (D:\run\demo\smile\node_modules\pug-error\index.js:32:13)
    at error (D:\run\demo\smile\node_modules\pug-linker\index.js:7:30)
    at D:\run\demo\smile\node_modules\pug-linker\index.js:47:9
    at Array.forEach (native)
    at link (D:\run\demo\smile\node_modules\pug-linker\index.js:45:20)
    at compileBody (D:\run\demo\smile\node_modules\pug\lib\index.js:171:9)
    at Object.exports.compile (D:\run\demo\smile\node_modules\pug\lib\index.js:243:16)
    at handleTemplateCache (D:\run\demo\smile\node_modules\pug\lib\index.js:216:25)
    at Object.exports.renderFile (D:\run\demo\smile\node_modules\pug\lib\index.js:428:10)
    at Object.exports.renderFile (D:\run\demo\smile\node_modules\pug\lib\index.js:418:21)
[2017-06-23 15:11:47.730] [ERROR] console - Error: D:\run\demo\smile\static\view\pug\demo.pug:6

Unexpected block top
    at makeError (D:\run\demo\smile\node_modules\pug-error\index.js:32:13)
    at error (D:\run\demo\smile\node_modules\pug-linker\index.js:7:30)
    at D:\run\demo\smile\node_modules\pug-linker\index.js:47:9
    at Array.forEach (native)
    at link (D:\run\demo\smile\node_modules\pug-linker\index.js:45:20)
    at compileBody (D:\run\demo\smile\node_modules\pug\lib\index.js:171:9)
    at Object.exports.compile (D:\run\demo\smile\node_modules\pug\lib\index.js:243:16)
    at handleTemplateCache (D:\run\demo\smile\node_modules\pug\lib\index.js:216:25)
    at Object.exports.renderFile (D:\run\demo\smile\node_modules\pug\lib\index.js:428:10)
    at Object.exports.renderFile (D:\run\demo\smile\node_modules\pug\lib\index.js:418:21)
[2017-06-23 15:34:56.185] [ERROR] console - Error: D:\run\demo\smile\static\view\pug\demo.pug:78:8
    76| 			td
    77| 				-var t4 = ['A', 'B', 'C'];
  > 78| 				for var i=0; i<t4.length; i++
---------------^
    79| 					span= t4[i]
    80| 
    81| 			td

malformed each
    at makeError (D:\run\demo\smile\node_modules\pug-error\index.js:32:13)
    at Lexer.error (D:\run\demo\smile\node_modules\pug-lexer\index.js:58:15)
    at Lexer.each (D:\run\demo\smile\node_modules\pug-lexer\index.js:912:12)
    at Lexer.callLexerFunction (D:\run\demo\smile\node_modules\pug-lexer\index.js:1319:23)
    at Lexer.advance (D:\run\demo\smile\node_modules\pug-lexer\index.js:1347:15)
    at Lexer.callLexerFunction (D:\run\demo\smile\node_modules\pug-lexer\index.js:1319:23)
    at Lexer.getTokens (D:\run\demo\smile\node_modules\pug-lexer\index.js:1375:12)
    at lex (D:\run\demo\smile\node_modules\pug-lexer\index.js:12:42)
    at Object.load.string.lex (D:\run\demo\smile\node_modules\pug\lib\index.js:99:27)
    at Function.loadString [as string] (D:\run\demo\smile\node_modules\pug-load\index.js:44:24)
[2017-06-23 15:34:57.106] [ERROR] console - Error: D:\run\demo\smile\static\view\pug\demo.pug:78:8
    76| 			td
    77| 				-var t4 = ['A', 'B', 'C'];
  > 78| 				for var i=0; i<t4.length; i++
---------------^
    79| 					span= t4[i]
    80| 
    81| 			td

malformed each
    at makeError (D:\run\demo\smile\node_modules\pug-error\index.js:32:13)
    at Lexer.error (D:\run\demo\smile\node_modules\pug-lexer\index.js:58:15)
    at Lexer.each (D:\run\demo\smile\node_modules\pug-lexer\index.js:912:12)
    at Lexer.callLexerFunction (D:\run\demo\smile\node_modules\pug-lexer\index.js:1319:23)
    at Lexer.advance (D:\run\demo\smile\node_modules\pug-lexer\index.js:1347:15)
    at Lexer.callLexerFunction (D:\run\demo\smile\node_modules\pug-lexer\index.js:1319:23)
    at Lexer.getTokens (D:\run\demo\smile\node_modules\pug-lexer\index.js:1375:12)
    at lex (D:\run\demo\smile\node_modules\pug-lexer\index.js:12:42)
    at Object.load.string.lex (D:\run\demo\smile\node_modules\pug\lib\index.js:99:27)
    at Function.loadString [as string] (D:\run\demo\smile\node_modules\pug-load\index.js:44:24)
[2018-04-17 18:38:01.174] [ERROR] console - Error: /Users/dull/coder/demo/smile/static/view/pug/demo0page.pug:7:8
    5| 	body
    6| 		a(id="111" class="222", href="www.baidu.com") 点我
  > 7| 		a#333.444(href="www.baidu.com") 再点我
--------------^

Class names must begin with "-", "_" or a letter.
    at makeError (/Users/dull/coder/demo/smile/node_modules/pug-error/index.js:32:13)
    at Lexer.error (/Users/dull/coder/demo/smile/node_modules/pug-lexer/index.js:58:15)
    at Lexer.className (/Users/dull/coder/demo/smile/node_modules/pug-lexer/index.js:416:12)
    at Lexer.callLexerFunction (/Users/dull/coder/demo/smile/node_modules/pug-lexer/index.js:1319:23)
    at Lexer.advance (/Users/dull/coder/demo/smile/node_modules/pug-lexer/index.js:1355:15)
    at Lexer.callLexerFunction (/Users/dull/coder/demo/smile/node_modules/pug-lexer/index.js:1319:23)
    at Lexer.getTokens (/Users/dull/coder/demo/smile/node_modules/pug-lexer/index.js:1375:12)
    at lex (/Users/dull/coder/demo/smile/node_modules/pug-lexer/index.js:12:42)
    at Object.lex (/Users/dull/coder/demo/smile/node_modules/pug/lib/index.js:99:27)
    at Function.loadString [as string] (/Users/dull/coder/demo/smile/node_modules/pug-load/index.js:44:24)
[2018-04-17 18:38:53.500] [ERROR] console - Error: /Users/dull/coder/demo/smile/static/view/pug/demo0page.pug:7:8
    5| 	body
    6| 		a(id="111" class="222", href="www.baidu.com") 点我
  > 7| 		a#333.444(href="www.baidu.com") 再点我
--------------^

Class names must begin with "-", "_" or a letter.
    at makeError (/Users/dull/coder/demo/smile/node_modules/pug-error/index.js:32:13)
    at Lexer.error (/Users/dull/coder/demo/smile/node_modules/pug-lexer/index.js:58:15)
    at Lexer.className (/Users/dull/coder/demo/smile/node_modules/pug-lexer/index.js:416:12)
    at Lexer.callLexerFunction (/Users/dull/coder/demo/smile/node_modules/pug-lexer/index.js:1319:23)
    at Lexer.advance (/Users/dull/coder/demo/smile/node_modules/pug-lexer/index.js:1355:15)
    at Lexer.callLexerFunction (/Users/dull/coder/demo/smile/node_modules/pug-lexer/index.js:1319:23)
    at Lexer.getTokens (/Users/dull/coder/demo/smile/node_modules/pug-lexer/index.js:1375:12)
    at lex (/Users/dull/coder/demo/smile/node_modules/pug-lexer/index.js:12:42)
    at Object.lex (/Users/dull/coder/demo/smile/node_modules/pug/lib/index.js:99:27)
    at Function.loadString [as string] (/Users/dull/coder/demo/smile/node_modules/pug-load/index.js:44:24)
[2018-04-17 18:42:37.227] [ERROR] console - Error: /Users/dull/coder/demo/smile/static/view/pug/demo0page.pug:8:30
    6| 		a(id="111" class="222", href="www.baidu.com") 点我
    7| 		br
  > 8| 		a#333(href="www.baidu.com").444 再点我
------------------------------------^

Class names must begin with "-", "_" or a letter.
    at makeError (/Users/dull/coder/demo/smile/node_modules/pug-error/index.js:32:13)
    at Lexer.error (/Users/dull/coder/demo/smile/node_modules/pug-lexer/index.js:58:15)
    at Lexer.className (/Users/dull/coder/demo/smile/node_modules/pug-lexer/index.js:416:12)
    at Lexer.callLexerFunction (/Users/dull/coder/demo/smile/node_modules/pug-lexer/index.js:1319:23)
    at Lexer.advance (/Users/dull/coder/demo/smile/node_modules/pug-lexer/index.js:1355:15)
    at Lexer.callLexerFunction (/Users/dull/coder/demo/smile/node_modules/pug-lexer/index.js:1319:23)
    at Lexer.getTokens (/Users/dull/coder/demo/smile/node_modules/pug-lexer/index.js:1375:12)
    at lex (/Users/dull/coder/demo/smile/node_modules/pug-lexer/index.js:12:42)
    at Object.lex (/Users/dull/coder/demo/smile/node_modules/pug/lib/index.js:99:27)
    at Function.loadString [as string] (/Users/dull/coder/demo/smile/node_modules/pug-load/index.js:44:24)
[2018-04-17 18:43:34.549] [ERROR] console - Error: /Users/dull/coder/demo/smile/static/view/pug/demo0page.pug:8:20
    6| 		a(id="111" class="222", href="www.baidu.com") 点我
    7| 		br
  > 8| 		a#333(class=["a" "b" "c"] href="www.baidu.com") 再点我
--------------------------^

Syntax Error: Unexpected token
    at makeError (/Users/dull/coder/demo/smile/node_modules/pug-error/index.js:32:13)
    at Lexer.error (/Users/dull/coder/demo/smile/node_modules/pug-lexer/index.js:58:15)
    at Lexer.assertExpression (/Users/dull/coder/demo/smile/node_modules/pug-lexer/index.js:86:12)
    at Lexer.attrs (/Users/dull/coder/demo/smile/node_modules/pug-lexer/index.js:1089:18)
    at Lexer.callLexerFunction (/Users/dull/coder/demo/smile/node_modules/pug-lexer/index.js:1319:23)
    at Lexer.advance (/Users/dull/coder/demo/smile/node_modules/pug-lexer/index.js:1356:15)
    at Lexer.callLexerFunction (/Users/dull/coder/demo/smile/node_modules/pug-lexer/index.js:1319:23)
    at Lexer.getTokens (/Users/dull/coder/demo/smile/node_modules/pug-lexer/index.js:1375:12)
    at lex (/Users/dull/coder/demo/smile/node_modules/pug-lexer/index.js:12:42)
    at Object.lex (/Users/dull/coder/demo/smile/node_modules/pug/lib/index.js:99:27)
[2018-04-17 18:48:02.582] [ERROR] console - Error: /Users/dull/coder/demo/smile/static/view/pug/demo0page.pug:8:33
    6| 		a(id="aaa" class="bbb", href="www.baidu.com") 点我
    7| 		br
  > 8| 		a#ccc.ddd(class="eee" href=url}) 再点我
---------------------------------------^

Mismatched Bracket: }
    at makeError (/Users/dull/coder/demo/smile/node_modules/pug-error/index.js:32:13)
    at Lexer.error (/Users/dull/coder/demo/smile/node_modules/pug-lexer/index.js:58:15)
    at Lexer.bracketExpression (/Users/dull/coder/demo/smile/node_modules/pug-lexer/index.js:236:14)
    at Lexer.attrs (/Users/dull/coder/demo/smile/node_modules/pug-lexer/index.js:1011:24)
    at Lexer.callLexerFunction (/Users/dull/coder/demo/smile/node_modules/pug-lexer/index.js:1319:23)
    at Lexer.advance (/Users/dull/coder/demo/smile/node_modules/pug-lexer/index.js:1356:15)
    at Lexer.callLexerFunction (/Users/dull/coder/demo/smile/node_modules/pug-lexer/index.js:1319:23)
    at Lexer.getTokens (/Users/dull/coder/demo/smile/node_modules/pug-lexer/index.js:1375:12)
    at lex (/Users/dull/coder/demo/smile/node_modules/pug-lexer/index.js:12:42)
    at Object.lex (/Users/dull/coder/demo/smile/node_modules/pug/lib/index.js:99:27)
[2018-04-17 18:48:17.647] [ERROR] console - Error: /Users/dull/coder/demo/smile/static/view/pug/demo0page.pug:8:30
    6| 		a(id="aaa" class="bbb", href="www.baidu.com") 点我
    7| 		br
  > 8| 		a#ccc.ddd(class="eee" href=#{url}) 再点我
------------------------------------^

Syntax Error: Unexpected character '#'
    at makeError (/Users/dull/coder/demo/smile/node_modules/pug-error/index.js:32:13)
    at Lexer.error (/Users/dull/coder/demo/smile/node_modules/pug-lexer/index.js:58:15)
    at Lexer.assertExpression (/Users/dull/coder/demo/smile/node_modules/pug-lexer/index.js:86:12)
    at Lexer.attrs (/Users/dull/coder/demo/smile/node_modules/pug-lexer/index.js:1089:18)
    at Lexer.callLexerFunction (/Users/dull/coder/demo/smile/node_modules/pug-lexer/index.js:1319:23)
    at Lexer.advance (/Users/dull/coder/demo/smile/node_modules/pug-lexer/index.js:1356:15)
    at Lexer.callLexerFunction (/Users/dull/coder/demo/smile/node_modules/pug-lexer/index.js:1319:23)
    at Lexer.getTokens (/Users/dull/coder/demo/smile/node_modules/pug-lexer/index.js:1375:12)
    at lex (/Users/dull/coder/demo/smile/node_modules/pug-lexer/index.js:12:42)
    at Object.lex (/Users/dull/coder/demo/smile/node_modules/pug/lib/index.js:99:27)
[2018-04-17 18:51:47.424] [ERROR] console - Error: /Users/dull/coder/demo/smile/static/view/pug/demo0page.pug:13:3
    11| 		//- 转义
    12| 		div(escaped="<code>")
  > 13| 		(unescaped!="<code>")
----------^

unexpected token "start-attributes"
    at makeError (/Users/dull/coder/demo/smile/node_modules/pug-error/index.js:32:13)
    at Parser.error (/Users/dull/coder/demo/smile/node_modules/pug-parser/index.js:53:15)
    at Parser.parseExpr (/Users/dull/coder/demo/smile/node_modules/pug-parser/index.js:263:14)
    at Parser.block (/Users/dull/coder/demo/smile/node_modules/pug-parser/index.js:937:25)
    at Parser.tag (/Users/dull/coder/demo/smile/node_modules/pug-parser/index.js:1087:24)
    at Parser.parseTag (/Users/dull/coder/demo/smile/node_modules/pug-parser/index.js:988:17)
    at Parser.parseExpr (/Users/dull/coder/demo/smile/node_modules/pug-parser/index.js:208:21)
    at Parser.block (/Users/dull/coder/demo/smile/node_modules/pug-parser/index.js:937:25)
    at Parser.tag (/Users/dull/coder/demo/smile/node_modules/pug-parser/index.js:1087:24)
    at Parser.parseTag (/Users/dull/coder/demo/smile/node_modules/pug-parser/index.js:988:17)
[2018-04-17 19:03:51.762] [ERROR] console - Error: /Users/dull/coder/demo/smile/static/view/pug/demo0page.pug:28:7
    26| 		- var arr = ['aaa', 'bbb', 'ccc']
    27| 		ul
  > 28| 			for (var x=0; x<arr.length; x++)
--------------^
    29| 				li #{arr[x]}
    30| 

malformed each
    at makeError (/Users/dull/coder/demo/smile/node_modules/pug-error/index.js:32:13)
    at Lexer.error (/Users/dull/coder/demo/smile/node_modules/pug-lexer/index.js:58:15)
    at Lexer.each (/Users/dull/coder/demo/smile/node_modules/pug-lexer/index.js:912:12)
    at Lexer.callLexerFunction (/Users/dull/coder/demo/smile/node_modules/pug-lexer/index.js:1319:23)
    at Lexer.advance (/Users/dull/coder/demo/smile/node_modules/pug-lexer/index.js:1347:15)
    at Lexer.callLexerFunction (/Users/dull/coder/demo/smile/node_modules/pug-lexer/index.js:1319:23)
    at Lexer.getTokens (/Users/dull/coder/demo/smile/node_modules/pug-lexer/index.js:1375:12)
    at lex (/Users/dull/coder/demo/smile/node_modules/pug-lexer/index.js:12:42)
    at Object.lex (/Users/dull/coder/demo/smile/node_modules/pug/lib/index.js:99:27)
    at Function.loadString [as string] (/Users/dull/coder/demo/smile/node_modules/pug-load/index.js:44:24)
[2018-04-17 19:05:33.053] [ERROR] console - Error: /Users/dull/coder/demo/smile/static/view/pug/demo0page.pug:27:7
    25| 		//- 循环
    26| 		ul
  > 27| 			for (var i=0; i<5; i++)
--------------^
    28| 				li #{i} 输出
    29| 		- var arr = ['aaa', 'bbb', 'ccc']
    30| 		ul

malformed each
    at makeError (/Users/dull/coder/demo/smile/node_modules/pug-error/index.js:32:13)
    at Lexer.error (/Users/dull/coder/demo/smile/node_modules/pug-lexer/index.js:58:15)
    at Lexer.each (/Users/dull/coder/demo/smile/node_modules/pug-lexer/index.js:912:12)
    at Lexer.callLexerFunction (/Users/dull/coder/demo/smile/node_modules/pug-lexer/index.js:1319:23)
    at Lexer.advance (/Users/dull/coder/demo/smile/node_modules/pug-lexer/index.js:1347:15)
    at Lexer.callLexerFunction (/Users/dull/coder/demo/smile/node_modules/pug-lexer/index.js:1319:23)
    at Lexer.getTokens (/Users/dull/coder/demo/smile/node_modules/pug-lexer/index.js:1375:12)
    at lex (/Users/dull/coder/demo/smile/node_modules/pug-lexer/index.js:12:42)
    at Object.lex (/Users/dull/coder/demo/smile/node_modules/pug/lib/index.js:99:27)
    at Function.loadString [as string] (/Users/dull/coder/demo/smile/node_modules/pug-load/index.js:44:24)
[2018-04-17 19:05:57.445] [ERROR] console - Error: /Users/dull/coder/demo/smile/static/view/pug/demo0page.pug:31:4
    29| 		- var arr = ['aaa', 'bbb', 'ccc']
    30| 		ul
  > 31| 			- each item in arr
-----------^
    32| 				li item
    33| 

Pug each and for should no longer be prefixed with a dash ("-"). They are pug keywords and not part of JavaScript.
    at makeError (/Users/dull/coder/demo/smile/node_modules/pug-error/index.js:32:13)
    at Lexer.error (/Users/dull/coder/demo/smile/node_modules/pug-lexer/index.js:58:15)
    at Lexer.each (/Users/dull/coder/demo/smile/node_modules/pug-lexer/index.js:915:12)
    at Lexer.callLexerFunction (/Users/dull/coder/demo/smile/node_modules/pug-lexer/index.js:1319:23)
    at Lexer.advance (/Users/dull/coder/demo/smile/node_modules/pug-lexer/index.js:1347:15)
    at Lexer.callLexerFunction (/Users/dull/coder/demo/smile/node_modules/pug-lexer/index.js:1319:23)
    at Lexer.getTokens (/Users/dull/coder/demo/smile/node_modules/pug-lexer/index.js:1375:12)
    at lex (/Users/dull/coder/demo/smile/node_modules/pug-lexer/index.js:12:42)
    at Object.lex (/Users/dull/coder/demo/smile/node_modules/pug/lib/index.js:99:27)
    at Function.loadString [as string] (/Users/dull/coder/demo/smile/node_modules/pug-load/index.js:44:24)
[2018-04-17 19:07:04.817] [ERROR] console - Error: /Users/dull/coder/demo/smile/static/view/pug/demo0page.pug:15:6
    13| 		//- 转义
    14| 		p
  > 15| 			= <code>
-------------^
    16| 		p= '<dode>'
    17| 
    18| 		//- 分支

Syntax Error: Unexpected token
    at makeError (/Users/dull/coder/demo/smile/node_modules/pug-error/index.js:32:13)
    at Lexer.error (/Users/dull/coder/demo/smile/node_modules/pug-lexer/index.js:58:15)
    at Lexer.assertExpression (/Users/dull/coder/demo/smile/node_modules/pug-lexer/index.js:86:12)
    at Lexer.code (/Users/dull/coder/demo/smile/node_modules/pug-lexer/index.js:971:28)
    at Lexer.callLexerFunction (/Users/dull/coder/demo/smile/node_modules/pug-lexer/index.js:1319:23)
    at Lexer.advance (/Users/dull/coder/demo/smile/node_modules/pug-lexer/index.js:1352:15)
    at Lexer.callLexerFunction (/Users/dull/coder/demo/smile/node_modules/pug-lexer/index.js:1319:23)
    at Lexer.getTokens (/Users/dull/coder/demo/smile/node_modules/pug-lexer/index.js:1375:12)
    at lex (/Users/dull/coder/demo/smile/node_modules/pug-lexer/index.js:12:42)
    at Object.lex (/Users/dull/coder/demo/smile/node_modules/pug/lib/index.js:99:27)
[2018-04-17 19:32:19.967] [ERROR] console - Error: /Users/dull/coder/demo/smile/static/view/pug/demo0page.pug:38:11
    36| 
    37| 		//- 转义
  > 38| 		p= str		// 
------------------^
    39| 		//- p!= str
    40| 		//- p #{str}
    41| 		//- p !{str}

Syntax Error: Line comments not allowed in an expression
    at makeError (/Users/dull/coder/demo/smile/node_modules/pug-error/index.js:32:13)
    at Lexer.error (/Users/dull/coder/demo/smile/node_modules/pug-lexer/index.js:58:15)
    at Lexer.assertExpression (/Users/dull/coder/demo/smile/node_modules/pug-lexer/index.js:86:12)
    at Lexer.code (/Users/dull/coder/demo/smile/node_modules/pug-lexer/index.js:971:28)
    at Lexer.callLexerFunction (/Users/dull/coder/demo/smile/node_modules/pug-lexer/index.js:1319:23)
    at Lexer.advance (/Users/dull/coder/demo/smile/node_modules/pug-lexer/index.js:1352:15)
    at Lexer.callLexerFunction (/Users/dull/coder/demo/smile/node_modules/pug-lexer/index.js:1319:23)
    at Lexer.getTokens (/Users/dull/coder/demo/smile/node_modules/pug-lexer/index.js:1375:12)
    at lex (/Users/dull/coder/demo/smile/node_modules/pug-lexer/index.js:12:42)
    at Object.lex (/Users/dull/coder/demo/smile/node_modules/pug/lib/index.js:99:27)
